[3.325s] Invoking command in '/home/hello-robot/hello_robot_awong/src/stretch_ros2/stretch_funmap': PYTHONPATH=/home/hello-robot/hello_robot_awong/build/stretch_funmap/prefix_override:/usr/lib/python3/dist-packages/colcon_core/task/python/colcon_distutils_commands:/home/hello-robot/hello_robot_awong/install/stretch_funmap/lib/python3.10/site-packages:${PYTHONPATH} /usr/bin/python3 -W ignore:setup.py install is deprecated -W ignore:easy_install command is deprecated setup.py egg_info --egg-base ../../../build/stretch_funmap build --build-base /home/hello-robot/hello_robot_awong/build/stretch_funmap/build install --record /home/hello-robot/hello_robot_awong/build/stretch_funmap/install.log --single-version-externally-managed install_data
[4.089s] running egg_info
[4.090s] creating ../../../build/stretch_funmap/stretch_funmap.egg-info
[4.090s] writing ../../../build/stretch_funmap/stretch_funmap.egg-info/PKG-INFO
[4.090s] writing dependency_links to ../../../build/stretch_funmap/stretch_funmap.egg-info/dependency_links.txt
[4.091s] writing entry points to ../../../build/stretch_funmap/stretch_funmap.egg-info/entry_points.txt
[4.091s] writing requirements to ../../../build/stretch_funmap/stretch_funmap.egg-info/requires.txt
[4.091s] writing top-level names to ../../../build/stretch_funmap/stretch_funmap.egg-info/top_level.txt
[4.091s] writing manifest file '../../../build/stretch_funmap/stretch_funmap.egg-info/SOURCES.txt'
[4.095s] reading manifest file '../../../build/stretch_funmap/stretch_funmap.egg-info/SOURCES.txt'
[4.095s] adding license file 'LICENSE.md'
[4.096s] writing manifest file '../../../build/stretch_funmap/stretch_funmap.egg-info/SOURCES.txt'
[4.096s] running build
[4.096s] running build_py
[4.097s] creating /home/hello-robot/hello_robot_awong/build/stretch_funmap/build
[4.097s] creating /home/hello-robot/hello_robot_awong/build/stretch_funmap/build/lib
[4.097s] creating /home/hello-robot/hello_robot_awong/build/stretch_funmap/build/lib/stretch_funmap
[4.097s] copying stretch_funmap/mapping.py -> /home/hello-robot/hello_robot_awong/build/stretch_funmap/build/lib/stretch_funmap
[4.097s] copying stretch_funmap/ros_max_height_image.py -> /home/hello-robot/hello_robot_awong/build/stretch_funmap/build/lib/stretch_funmap
[4.098s] copying stretch_funmap/numba_height_image.py -> /home/hello-robot/hello_robot_awong/build/stretch_funmap/build/lib/stretch_funmap
[4.098s] copying stretch_funmap/navigate.py -> /home/hello-robot/hello_robot_awong/build/stretch_funmap/build/lib/stretch_funmap
[4.098s] copying stretch_funmap/numba_compare_images.py -> /home/hello-robot/hello_robot_awong/build/stretch_funmap/build/lib/stretch_funmap
[4.098s] copying stretch_funmap/merge_maps.py -> /home/hello-robot/hello_robot_awong/build/stretch_funmap/build/lib/stretch_funmap
[4.098s] copying stretch_funmap/navigation_planning.py -> /home/hello-robot/hello_robot_awong/build/stretch_funmap/build/lib/stretch_funmap
[4.099s] copying stretch_funmap/__init__.py -> /home/hello-robot/hello_robot_awong/build/stretch_funmap/build/lib/stretch_funmap
[4.099s] copying stretch_funmap/numba_create_plane_image.py -> /home/hello-robot/hello_robot_awong/build/stretch_funmap/build/lib/stretch_funmap
[4.099s] copying stretch_funmap/manipulation_planning.py -> /home/hello-robot/hello_robot_awong/build/stretch_funmap/build/lib/stretch_funmap
[4.099s] copying stretch_funmap/max_height_image.py -> /home/hello-robot/hello_robot_awong/build/stretch_funmap/build/lib/stretch_funmap
[4.100s] copying stretch_funmap/numba_manipulation_planning.py -> /home/hello-robot/hello_robot_awong/build/stretch_funmap/build/lib/stretch_funmap
[4.100s] copying stretch_funmap/funmap.py -> /home/hello-robot/hello_robot_awong/build/stretch_funmap/build/lib/stretch_funmap
[4.100s] copying stretch_funmap/numba_check_line_path.py -> /home/hello-robot/hello_robot_awong/build/stretch_funmap/build/lib/stretch_funmap
[4.100s] copying stretch_funmap/segment_max_height_image.py -> /home/hello-robot/hello_robot_awong/build/stretch_funmap/build/lib/stretch_funmap
[4.100s] copying stretch_funmap/numba_sample_ridge.py -> /home/hello-robot/hello_robot_awong/build/stretch_funmap/build/lib/stretch_funmap
[4.100s] running install
[4.101s] running install_lib
[4.102s] creating /home/hello-robot/hello_robot_awong/install/stretch_funmap/lib/python3.10/site-packages/stretch_funmap
[4.102s] copying /home/hello-robot/hello_robot_awong/build/stretch_funmap/build/lib/stretch_funmap/mapping.py -> /home/hello-robot/hello_robot_awong/install/stretch_funmap/lib/python3.10/site-packages/stretch_funmap
[4.102s] copying /home/hello-robot/hello_robot_awong/build/stretch_funmap/build/lib/stretch_funmap/ros_max_height_image.py -> /home/hello-robot/hello_robot_awong/install/stretch_funmap/lib/python3.10/site-packages/stretch_funmap
[4.102s] copying /home/hello-robot/hello_robot_awong/build/stretch_funmap/build/lib/stretch_funmap/numba_height_image.py -> /home/hello-robot/hello_robot_awong/install/stretch_funmap/lib/python3.10/site-packages/stretch_funmap
[4.103s] copying /home/hello-robot/hello_robot_awong/build/stretch_funmap/build/lib/stretch_funmap/navigate.py -> /home/hello-robot/hello_robot_awong/install/stretch_funmap/lib/python3.10/site-packages/stretch_funmap
[4.103s] copying /home/hello-robot/hello_robot_awong/build/stretch_funmap/build/lib/stretch_funmap/numba_compare_images.py -> /home/hello-robot/hello_robot_awong/install/stretch_funmap/lib/python3.10/site-packages/stretch_funmap
[4.103s] copying /home/hello-robot/hello_robot_awong/build/stretch_funmap/build/lib/stretch_funmap/merge_maps.py -> /home/hello-robot/hello_robot_awong/install/stretch_funmap/lib/python3.10/site-packages/stretch_funmap
[4.103s] copying /home/hello-robot/hello_robot_awong/build/stretch_funmap/build/lib/stretch_funmap/navigation_planning.py -> /home/hello-robot/hello_robot_awong/install/stretch_funmap/lib/python3.10/site-packages/stretch_funmap
[4.103s] copying /home/hello-robot/hello_robot_awong/build/stretch_funmap/build/lib/stretch_funmap/__init__.py -> /home/hello-robot/hello_robot_awong/install/stretch_funmap/lib/python3.10/site-packages/stretch_funmap
[4.104s] copying /home/hello-robot/hello_robot_awong/build/stretch_funmap/build/lib/stretch_funmap/numba_create_plane_image.py -> /home/hello-robot/hello_robot_awong/install/stretch_funmap/lib/python3.10/site-packages/stretch_funmap
[4.104s] copying /home/hello-robot/hello_robot_awong/build/stretch_funmap/build/lib/stretch_funmap/manipulation_planning.py -> /home/hello-robot/hello_robot_awong/install/stretch_funmap/lib/python3.10/site-packages/stretch_funmap
[4.104s] copying /home/hello-robot/hello_robot_awong/build/stretch_funmap/build/lib/stretch_funmap/max_height_image.py -> /home/hello-robot/hello_robot_awong/install/stretch_funmap/lib/python3.10/site-packages/stretch_funmap
[4.104s] copying /home/hello-robot/hello_robot_awong/build/stretch_funmap/build/lib/stretch_funmap/numba_manipulation_planning.py -> /home/hello-robot/hello_robot_awong/install/stretch_funmap/lib/python3.10/site-packages/stretch_funmap
[4.104s] copying /home/hello-robot/hello_robot_awong/build/stretch_funmap/build/lib/stretch_funmap/funmap.py -> /home/hello-robot/hello_robot_awong/install/stretch_funmap/lib/python3.10/site-packages/stretch_funmap
[4.105s] copying /home/hello-robot/hello_robot_awong/build/stretch_funmap/build/lib/stretch_funmap/numba_check_line_path.py -> /home/hello-robot/hello_robot_awong/install/stretch_funmap/lib/python3.10/site-packages/stretch_funmap
[4.105s] copying /home/hello-robot/hello_robot_awong/build/stretch_funmap/build/lib/stretch_funmap/segment_max_height_image.py -> /home/hello-robot/hello_robot_awong/install/stretch_funmap/lib/python3.10/site-packages/stretch_funmap
[4.105s] copying /home/hello-robot/hello_robot_awong/build/stretch_funmap/build/lib/stretch_funmap/numba_sample_ridge.py -> /home/hello-robot/hello_robot_awong/install/stretch_funmap/lib/python3.10/site-packages/stretch_funmap
[4.105s] byte-compiling /home/hello-robot/hello_robot_awong/install/stretch_funmap/lib/python3.10/site-packages/stretch_funmap/mapping.py to mapping.cpython-310.pyc
[4.109s] byte-compiling /home/hello-robot/hello_robot_awong/install/stretch_funmap/lib/python3.10/site-packages/stretch_funmap/ros_max_height_image.py to ros_max_height_image.cpython-310.pyc
[4.111s] byte-compiling /home/hello-robot/hello_robot_awong/install/stretch_funmap/lib/python3.10/site-packages/stretch_funmap/numba_height_image.py to numba_height_image.cpython-310.pyc
[4.115s] byte-compiling /home/hello-robot/hello_robot_awong/install/stretch_funmap/lib/python3.10/site-packages/stretch_funmap/navigate.py to navigate.cpython-310.pyc
[4.118s] byte-compiling /home/hello-robot/hello_robot_awong/install/stretch_funmap/lib/python3.10/site-packages/stretch_funmap/numba_compare_images.py to numba_compare_images.cpython-310.pyc
[4.118s] byte-compiling /home/hello-robot/hello_robot_awong/install/stretch_funmap/lib/python3.10/site-packages/stretch_funmap/merge_maps.py to merge_maps.cpython-310.pyc
[4.122s] byte-compiling /home/hello-robot/hello_robot_awong/install/stretch_funmap/lib/python3.10/site-packages/stretch_funmap/navigation_planning.py to navigation_planning.cpython-310.pyc
[4.127s] byte-compiling /home/hello-robot/hello_robot_awong/install/stretch_funmap/lib/python3.10/site-packages/stretch_funmap/__init__.py to __init__.cpython-310.pyc
[4.128s] byte-compiling /home/hello-robot/hello_robot_awong/install/stretch_funmap/lib/python3.10/site-packages/stretch_funmap/numba_create_plane_image.py to numba_create_plane_image.cpython-310.pyc
[4.128s] byte-compiling /home/hello-robot/hello_robot_awong/install/stretch_funmap/lib/python3.10/site-packages/stretch_funmap/manipulation_planning.py to manipulation_planning.cpython-310.pyc
[4.136s] byte-compiling /home/hello-robot/hello_robot_awong/install/stretch_funmap/lib/python3.10/site-packages/stretch_funmap/max_height_image.py to max_height_image.cpython-310.pyc
[4.139s] byte-compiling /home/hello-robot/hello_robot_awong/install/stretch_funmap/lib/python3.10/site-packages/stretch_funmap/numba_manipulation_planning.py to numba_manipulation_planning.cpython-310.pyc
[4.140s] byte-compiling /home/hello-robot/hello_robot_awong/install/stretch_funmap/lib/python3.10/site-packages/stretch_funmap/funmap.py to funmap.cpython-310.pyc
[4.150s] byte-compiling /home/hello-robot/hello_robot_awong/install/stretch_funmap/lib/python3.10/site-packages/stretch_funmap/numba_check_line_path.py to numba_check_line_path.cpython-310.pyc
[4.151s] byte-compiling /home/hello-robot/hello_robot_awong/install/stretch_funmap/lib/python3.10/site-packages/stretch_funmap/segment_max_height_image.py to segment_max_height_image.cpython-310.pyc
[4.158s] byte-compiling /home/hello-robot/hello_robot_awong/install/stretch_funmap/lib/python3.10/site-packages/stretch_funmap/numba_sample_ridge.py to numba_sample_ridge.cpython-310.pyc
[4.159s] running install_data
[4.159s] creating /home/hello-robot/hello_robot_awong/install/stretch_funmap/share/ament_index
[4.159s] creating /home/hello-robot/hello_robot_awong/install/stretch_funmap/share/ament_index/resource_index
[4.160s] creating /home/hello-robot/hello_robot_awong/install/stretch_funmap/share/ament_index/resource_index/packages
[4.160s] copying resource/stretch_funmap -> /home/hello-robot/hello_robot_awong/install/stretch_funmap/share/ament_index/resource_index/packages
[4.160s] copying package.xml -> /home/hello-robot/hello_robot_awong/install/stretch_funmap/share/stretch_funmap
[4.160s] creating /home/hello-robot/hello_robot_awong/install/stretch_funmap/share/stretch_funmap/launch
[4.160s] copying launch/mapping.launch.py -> /home/hello-robot/hello_robot_awong/install/stretch_funmap/share/stretch_funmap/launch
[4.161s] copying launch/funmap.launch.py -> /home/hello-robot/hello_robot_awong/install/stretch_funmap/share/stretch_funmap/launch
[4.161s] creating /home/hello-robot/hello_robot_awong/install/stretch_funmap/share/stretch_funmap/rviz
[4.161s] copying rviz/stretch_mapping.rviz -> /home/hello-robot/hello_robot_awong/install/stretch_funmap/share/stretch_funmap/rviz
[4.161s] running install_egg_info
[4.165s] Copying ../../../build/stretch_funmap/stretch_funmap.egg-info to /home/hello-robot/hello_robot_awong/install/stretch_funmap/lib/python3.10/site-packages/stretch_funmap-0.0.0-py3.10.egg-info
[4.166s] running install_scripts
[4.200s] Installing funmap script to /home/hello-robot/hello_robot_awong/install/stretch_funmap/lib/stretch_funmap
[4.201s] writing list of installed files to '/home/hello-robot/hello_robot_awong/build/stretch_funmap/install.log'
[4.286s] Invoked command in '/home/hello-robot/hello_robot_awong/src/stretch_ros2/stretch_funmap' returned '0': PYTHONPATH=/home/hello-robot/hello_robot_awong/build/stretch_funmap/prefix_override:/usr/lib/python3/dist-packages/colcon_core/task/python/colcon_distutils_commands:/home/hello-robot/hello_robot_awong/install/stretch_funmap/lib/python3.10/site-packages:${PYTHONPATH} /usr/bin/python3 -W ignore:setup.py install is deprecated -W ignore:easy_install command is deprecated setup.py egg_info --egg-base ../../../build/stretch_funmap build --build-base /home/hello-robot/hello_robot_awong/build/stretch_funmap/build install --record /home/hello-robot/hello_robot_awong/build/stretch_funmap/install.log --single-version-externally-managed install_data
