[2.024s] Invoking command in '/home/hello-robot/hello_robot_awong/build/stretch_rtabmap': CMAKE_PREFIX_PATH=${CMAKE_PREFIX_PATH}:/home/hello-robot/ament_ws/install/tf2_web_republisher_py:/home/hello-robot/ament_ws/install/stretch_ros_tutorials:/home/hello-robot/ament_ws/install/stretch_funmap:/home/hello-robot/ament_ws/install/stretch_calibration:/home/hello-robot/ament_ws/install/stretch_demos:/home/hello-robot/ament_ws/install/stretch_deep_perception:/home/hello-robot/ament_ws/install/stretch_core:/home/hello-robot/ament_ws/install/respeaker_ros2:/home/hello-robot/ament_ws/install/hello_helpers:/opt/ros/humble /usr/bin/cmake /home/hello-robot/hello_robot_awong/src/stretch_ros2/stretch_rtabmap -DCMAKE_INSTALL_PREFIX=/home/hello-robot/hello_robot_awong/install/stretch_rtabmap
[2.133s] -- The C compiler identification is GNU 11.4.0
[2.264s] -- The CXX compiler identification is GNU 11.4.0
[2.278s] -- Detecting C compiler ABI info
[2.389s] -- Detecting C compiler ABI info - done
[2.399s] -- Check for working C compiler: /usr/bin/cc - skipped
[2.400s] -- Detecting C compile features
[2.400s] -- Detecting C compile features - done
[2.404s] -- Detecting CXX compiler ABI info
[2.525s] -- Detecting CXX compiler ABI info - done
[2.545s] -- Check for working CXX compiler: /usr/bin/c++ - skipped
[2.546s] -- Detecting CXX compile features
[2.547s] -- Detecting CXX compile features - done
[2.559s] -- Found ament_cmake: 1.3.11 (/opt/ros/humble/share/ament_cmake/cmake)
[3.168s] -- Found Python3: /usr/bin/python3 (found version "3.10.12") found components: Interpreter 
[3.468s] -- Found rclcpp: 16.0.12 (/opt/ros/humble/share/rclcpp/cmake)
[3.641s] -- Found rosidl_generator_c: 3.1.6 (/opt/ros/humble/share/rosidl_generator_c/cmake)
[3.667s] -- Found rosidl_adapter: 3.1.6 (/opt/ros/humble/share/rosidl_adapter/cmake)
[3.700s] -- Found rosidl_generator_cpp: 3.1.6 (/opt/ros/humble/share/rosidl_generator_cpp/cmake)
[3.745s] -- Using all available rosidl_typesupport_c: rosidl_typesupport_fastrtps_c;rosidl_typesupport_introspection_c
[3.805s] -- Using all available rosidl_typesupport_cpp: rosidl_typesupport_fastrtps_cpp;rosidl_typesupport_introspection_cpp
[3.954s] -- Found rmw_implementation_cmake: 6.1.2 (/opt/ros/humble/share/rmw_implementation_cmake/cmake)
[3.965s] -- Found rmw_fastrtps_cpp: 6.2.7 (/opt/ros/humble/share/rmw_fastrtps_cpp/cmake)
[4.137s] -- Found OpenSSL: /usr/lib/x86_64-linux-gnu/libcrypto.so (found version "3.0.2")  
[4.198s] -- Found FastRTPS: /opt/ros/humble/include  
[4.274s] -- Using RMW implementation 'rmw_fastrtps_cpp' as default
[4.300s] -- Looking for pthread.h
[4.404s] -- Looking for pthread.h - found
[4.405s] -- Performing Test CMAKE_HAVE_LIBC_PTHREAD
[4.504s] -- Performing Test CMAKE_HAVE_LIBC_PTHREAD - Success
[4.505s] -- Found Threads: TRUE  
[4.600s] -- Found ament_lint_auto: 0.12.12 (/opt/ros/humble/share/ament_lint_auto/cmake)
[4.790s] -- Added test 'copyright' to check source files copyright and LICENSE
[4.793s] -- Added test 'flake8' to check Python code syntax and style conventions
[4.795s] -- Added test 'lint_cmake' to check CMake code style
[4.796s] -- Added test 'pep257' to check Python code against some of the docstring style conventions in PEP 257
[4.798s] -- Added test 'xmllint' to check XML markup files
[4.801s] -- Configuring done
[4.807s] -- Generating done
[4.810s] -- Build files have been written to: /home/hello-robot/hello_robot_awong/build/stretch_rtabmap
[4.820s] Invoked command in '/home/hello-robot/hello_robot_awong/build/stretch_rtabmap' returned '0': CMAKE_PREFIX_PATH=${CMAKE_PREFIX_PATH}:/home/hello-robot/ament_ws/install/tf2_web_republisher_py:/home/hello-robot/ament_ws/install/stretch_ros_tutorials:/home/hello-robot/ament_ws/install/stretch_funmap:/home/hello-robot/ament_ws/install/stretch_calibration:/home/hello-robot/ament_ws/install/stretch_demos:/home/hello-robot/ament_ws/install/stretch_deep_perception:/home/hello-robot/ament_ws/install/stretch_core:/home/hello-robot/ament_ws/install/respeaker_ros2:/home/hello-robot/ament_ws/install/hello_helpers:/opt/ros/humble /usr/bin/cmake /home/hello-robot/hello_robot_awong/src/stretch_ros2/stretch_rtabmap -DCMAKE_INSTALL_PREFIX=/home/hello-robot/hello_robot_awong/install/stretch_rtabmap
[4.822s] Invoking command in '/home/hello-robot/hello_robot_awong/build/stretch_rtabmap': CMAKE_PREFIX_PATH=${CMAKE_PREFIX_PATH}:/home/hello-robot/ament_ws/install/tf2_web_republisher_py:/home/hello-robot/ament_ws/install/stretch_ros_tutorials:/home/hello-robot/ament_ws/install/stretch_funmap:/home/hello-robot/ament_ws/install/stretch_calibration:/home/hello-robot/ament_ws/install/stretch_demos:/home/hello-robot/ament_ws/install/stretch_deep_perception:/home/hello-robot/ament_ws/install/stretch_core:/home/hello-robot/ament_ws/install/respeaker_ros2:/home/hello-robot/ament_ws/install/hello_helpers:/opt/ros/humble /usr/bin/cmake --build /home/hello-robot/hello_robot_awong/build/stretch_rtabmap -- -j8 -l8
[4.876s] Invoked command in '/home/hello-robot/hello_robot_awong/build/stretch_rtabmap' returned '0': CMAKE_PREFIX_PATH=${CMAKE_PREFIX_PATH}:/home/hello-robot/ament_ws/install/tf2_web_republisher_py:/home/hello-robot/ament_ws/install/stretch_ros_tutorials:/home/hello-robot/ament_ws/install/stretch_funmap:/home/hello-robot/ament_ws/install/stretch_calibration:/home/hello-robot/ament_ws/install/stretch_demos:/home/hello-robot/ament_ws/install/stretch_deep_perception:/home/hello-robot/ament_ws/install/stretch_core:/home/hello-robot/ament_ws/install/respeaker_ros2:/home/hello-robot/ament_ws/install/hello_helpers:/opt/ros/humble /usr/bin/cmake --build /home/hello-robot/hello_robot_awong/build/stretch_rtabmap -- -j8 -l8
[4.878s] Invoking command in '/home/hello-robot/hello_robot_awong/build/stretch_rtabmap': CMAKE_PREFIX_PATH=${CMAKE_PREFIX_PATH}:/home/hello-robot/ament_ws/install/tf2_web_republisher_py:/home/hello-robot/ament_ws/install/stretch_ros_tutorials:/home/hello-robot/ament_ws/install/stretch_funmap:/home/hello-robot/ament_ws/install/stretch_calibration:/home/hello-robot/ament_ws/install/stretch_demos:/home/hello-robot/ament_ws/install/stretch_deep_perception:/home/hello-robot/ament_ws/install/stretch_core:/home/hello-robot/ament_ws/install/respeaker_ros2:/home/hello-robot/ament_ws/install/hello_helpers:/opt/ros/humble /usr/bin/cmake --install /home/hello-robot/hello_robot_awong/build/stretch_rtabmap
[4.888s] -- Install configuration: ""
[4.889s] -- Installing: /home/hello-robot/hello_robot_awong/install/stretch_rtabmap/share/stretch_rtabmap/launch
[4.889s] -- Installing: /home/hello-robot/hello_robot_awong/install/stretch_rtabmap/share/stretch_rtabmap/launch/visual_mapping.launch.py
[4.889s] -- Installing: /home/hello-robot/hello_robot_awong/install/stretch_rtabmap/share/stretch_rtabmap/launch/visual_navigation.launch.py
[4.889s] -- Installing: /home/hello-robot/hello_robot_awong/install/stretch_rtabmap/share/stretch_rtabmap/launch/visual_odometry.launch.py
[4.889s] -- Installing: /home/hello-robot/hello_robot_awong/install/stretch_rtabmap/share/stretch_rtabmap/rviz
[4.890s] -- Installing: /home/hello-robot/hello_robot_awong/install/stretch_rtabmap/share/stretch_rtabmap/rviz/rtabmap.rviz
[4.890s] -- Installing: /home/hello-robot/hello_robot_awong/install/stretch_rtabmap/share/stretch_rtabmap/rviz/rtabmap_nav.rviz
[4.890s] -- Installing: /home/hello-robot/hello_robot_awong/install/stretch_rtabmap/share/ament_index/resource_index/package_run_dependencies/stretch_rtabmap
[4.890s] -- Installing: /home/hello-robot/hello_robot_awong/install/stretch_rtabmap/share/ament_index/resource_index/parent_prefix_path/stretch_rtabmap
[4.890s] -- Installing: /home/hello-robot/hello_robot_awong/install/stretch_rtabmap/share/stretch_rtabmap/environment/ament_prefix_path.sh
[4.891s] -- Installing: /home/hello-robot/hello_robot_awong/install/stretch_rtabmap/share/stretch_rtabmap/environment/ament_prefix_path.dsv
[4.891s] -- Installing: /home/hello-robot/hello_robot_awong/install/stretch_rtabmap/share/stretch_rtabmap/environment/path.sh
[4.891s] -- Installing: /home/hello-robot/hello_robot_awong/install/stretch_rtabmap/share/stretch_rtabmap/environment/path.dsv
[4.891s] -- Installing: /home/hello-robot/hello_robot_awong/install/stretch_rtabmap/share/stretch_rtabmap/local_setup.bash
[4.892s] -- Installing: /home/hello-robot/hello_robot_awong/install/stretch_rtabmap/share/stretch_rtabmap/local_setup.sh
[4.892s] -- Installing: /home/hello-robot/hello_robot_awong/install/stretch_rtabmap/share/stretch_rtabmap/local_setup.zsh
[4.892s] -- Installing: /home/hello-robot/hello_robot_awong/install/stretch_rtabmap/share/stretch_rtabmap/local_setup.dsv
[4.892s] -- Installing: /home/hello-robot/hello_robot_awong/install/stretch_rtabmap/share/stretch_rtabmap/package.dsv
[4.892s] -- Installing: /home/hello-robot/hello_robot_awong/install/stretch_rtabmap/share/ament_index/resource_index/packages/stretch_rtabmap
[4.893s] -- Installing: /home/hello-robot/hello_robot_awong/install/stretch_rtabmap/share/stretch_rtabmap/cmake/stretch_rtabmapConfig.cmake
[4.893s] -- Installing: /home/hello-robot/hello_robot_awong/install/stretch_rtabmap/share/stretch_rtabmap/cmake/stretch_rtabmapConfig-version.cmake
[4.893s] -- Installing: /home/hello-robot/hello_robot_awong/install/stretch_rtabmap/share/stretch_rtabmap/package.xml
[4.896s] Invoked command in '/home/hello-robot/hello_robot_awong/build/stretch_rtabmap' returned '0': CMAKE_PREFIX_PATH=${CMAKE_PREFIX_PATH}:/home/hello-robot/ament_ws/install/tf2_web_republisher_py:/home/hello-robot/ament_ws/install/stretch_ros_tutorials:/home/hello-robot/ament_ws/install/stretch_funmap:/home/hello-robot/ament_ws/install/stretch_calibration:/home/hello-robot/ament_ws/install/stretch_demos:/home/hello-robot/ament_ws/install/stretch_deep_perception:/home/hello-robot/ament_ws/install/stretch_core:/home/hello-robot/ament_ws/install/respeaker_ros2:/home/hello-robot/ament_ws/install/hello_helpers:/opt/ros/humble /usr/bin/cmake --install /home/hello-robot/hello_robot_awong/build/stretch_rtabmap
