[1.931s] Invoking command in '/home/hello-robot/hello_robot_awong/build/stretch_nav2': CMAKE_PREFIX_PATH=${CMAKE_PREFIX_PATH}:/home/hello-robot/ament_ws/install/tf2_web_republisher_py:/home/hello-robot/ament_ws/install/stretch_ros_tutorials:/home/hello-robot/ament_ws/install/stretch_funmap:/home/hello-robot/ament_ws/install/stretch_calibration:/home/hello-robot/ament_ws/install/stretch_demos:/home/hello-robot/ament_ws/install/stretch_deep_perception:/home/hello-robot/ament_ws/install/stretch_core:/home/hello-robot/ament_ws/install/respeaker_ros2:/home/hello-robot/ament_ws/install/hello_helpers:/opt/ros/humble /usr/bin/cmake --build /home/hello-robot/hello_robot_awong/build/stretch_nav2 -- -j8 -l8
[2.043s] Built target ament_cmake_python_copy_stretch_nav2
[2.569s] running egg_info
[2.570s] writing stretch_nav2.egg-info/PKG-INFO
[2.570s] writing dependency_links to stretch_nav2.egg-info/dependency_links.txt
[2.571s] writing top-level names to stretch_nav2.egg-info/top_level.txt
[2.574s] reading manifest file 'stretch_nav2.egg-info/SOURCES.txt'
[2.575s] writing manifest file 'stretch_nav2.egg-info/SOURCES.txt'
[2.614s] Built target ament_cmake_python_build_stretch_nav2_egg
[2.630s] Invoked command in '/home/hello-robot/hello_robot_awong/build/stretch_nav2' returned '0': CMAKE_PREFIX_PATH=${CMAKE_PREFIX_PATH}:/home/hello-robot/ament_ws/install/tf2_web_republisher_py:/home/hello-robot/ament_ws/install/stretch_ros_tutorials:/home/hello-robot/ament_ws/install/stretch_funmap:/home/hello-robot/ament_ws/install/stretch_calibration:/home/hello-robot/ament_ws/install/stretch_demos:/home/hello-robot/ament_ws/install/stretch_deep_perception:/home/hello-robot/ament_ws/install/stretch_core:/home/hello-robot/ament_ws/install/respeaker_ros2:/home/hello-robot/ament_ws/install/hello_helpers:/opt/ros/humble /usr/bin/cmake --build /home/hello-robot/hello_robot_awong/build/stretch_nav2 -- -j8 -l8
[2.633s] Invoking command in '/home/hello-robot/hello_robot_awong/build/stretch_nav2': CMAKE_PREFIX_PATH=${CMAKE_PREFIX_PATH}:/home/hello-robot/ament_ws/install/tf2_web_republisher_py:/home/hello-robot/ament_ws/install/stretch_ros_tutorials:/home/hello-robot/ament_ws/install/stretch_funmap:/home/hello-robot/ament_ws/install/stretch_calibration:/home/hello-robot/ament_ws/install/stretch_demos:/home/hello-robot/ament_ws/install/stretch_deep_perception:/home/hello-robot/ament_ws/install/stretch_core:/home/hello-robot/ament_ws/install/respeaker_ros2:/home/hello-robot/ament_ws/install/hello_helpers:/opt/ros/humble /usr/bin/cmake --install /home/hello-robot/hello_robot_awong/build/stretch_nav2
[2.644s] -- Install configuration: ""
[2.644s] -- Up-to-date: /home/hello-robot/hello_robot_awong/install/stretch_nav2/share/stretch_nav2/launch
[2.645s] -- Up-to-date: /home/hello-robot/hello_robot_awong/install/stretch_nav2/share/stretch_nav2/launch/navigation.launch.py
[2.645s] -- Up-to-date: /home/hello-robot/hello_robot_awong/install/stretch_nav2/share/stretch_nav2/launch/teleop_twist.launch.py
[2.645s] -- Up-to-date: /home/hello-robot/hello_robot_awong/install/stretch_nav2/share/stretch_nav2/launch/stretch_navigation.launch.py
[2.645s] -- Up-to-date: /home/hello-robot/hello_robot_awong/install/stretch_nav2/share/stretch_nav2/launch/offline_mapping.launch.py
[2.645s] -- Up-to-date: /home/hello-robot/hello_robot_awong/install/stretch_nav2/share/stretch_nav2/launch/navigation_launch.py
[2.645s] -- Up-to-date: /home/hello-robot/hello_robot_awong/install/stretch_nav2/share/stretch_nav2/launch/bringup_launch.py
[2.645s] -- Up-to-date: /home/hello-robot/hello_robot_awong/install/stretch_nav2/share/stretch_nav2/launch/online_async_launch.py
[2.646s] -- Up-to-date: /home/hello-robot/hello_robot_awong/install/stretch_nav2/share/stretch_nav2/launch/demo_security.launch.py
[2.646s] -- Up-to-date: /home/hello-robot/hello_robot_awong/install/stretch_nav2/share/stretch_nav2/launch/online_mapping.launch.py
[2.646s] -- Up-to-date: /home/hello-robot/hello_robot_awong/install/stretch_nav2/share/stretch_nav2/config
[2.646s] -- Up-to-date: /home/hello-robot/hello_robot_awong/install/stretch_nav2/share/stretch_nav2/config/nav2_params.yaml
[2.646s] -- Up-to-date: /home/hello-robot/hello_robot_awong/install/stretch_nav2/share/stretch_nav2/config/nav2_voxel_params.yaml
[2.646s] -- Up-to-date: /home/hello-robot/hello_robot_awong/install/stretch_nav2/share/stretch_nav2/config/mapper_params_online_async.yaml
[2.647s] -- Up-to-date: /home/hello-robot/hello_robot_awong/install/stretch_nav2/share/stretch_nav2/stretch_nav2
[2.647s] -- Up-to-date: /home/hello-robot/hello_robot_awong/install/stretch_nav2/share/stretch_nav2/stretch_nav2/__init__.py
[2.647s] -- Up-to-date: /home/hello-robot/hello_robot_awong/install/stretch_nav2/share/stretch_nav2/stretch_nav2/robot_navigator.py
[2.647s] -- Up-to-date: /home/hello-robot/hello_robot_awong/install/stretch_nav2/share/stretch_nav2/stretch_nav2/simple_commander_demo.py
[2.647s] -- Up-to-date: /home/hello-robot/hello_robot_awong/install/stretch_nav2/share/stretch_nav2/environment/pythonpath.sh
[2.647s] -- Up-to-date: /home/hello-robot/hello_robot_awong/install/stretch_nav2/share/stretch_nav2/environment/pythonpath.dsv
[2.647s] -- Up-to-date: /home/hello-robot/hello_robot_awong/install/stretch_nav2/local/lib/python3.10/dist-packages/stretch_nav2-0.0.1-py3.10.egg-info
[2.647s] -- Installing: /home/hello-robot/hello_robot_awong/install/stretch_nav2/local/lib/python3.10/dist-packages/stretch_nav2-0.0.1-py3.10.egg-info/PKG-INFO
[2.648s] -- Installing: /home/hello-robot/hello_robot_awong/install/stretch_nav2/local/lib/python3.10/dist-packages/stretch_nav2-0.0.1-py3.10.egg-info/top_level.txt
[2.648s] -- Installing: /home/hello-robot/hello_robot_awong/install/stretch_nav2/local/lib/python3.10/dist-packages/stretch_nav2-0.0.1-py3.10.egg-info/SOURCES.txt
[2.648s] -- Installing: /home/hello-robot/hello_robot_awong/install/stretch_nav2/local/lib/python3.10/dist-packages/stretch_nav2-0.0.1-py3.10.egg-info/dependency_links.txt
[2.648s] -- Up-to-date: /home/hello-robot/hello_robot_awong/install/stretch_nav2/local/lib/python3.10/dist-packages/stretch_nav2
[2.648s] -- Up-to-date: /home/hello-robot/hello_robot_awong/install/stretch_nav2/local/lib/python3.10/dist-packages/stretch_nav2/__init__.py
[2.648s] -- Up-to-date: /home/hello-robot/hello_robot_awong/install/stretch_nav2/local/lib/python3.10/dist-packages/stretch_nav2/robot_navigator.py
[2.648s] -- Up-to-date: /home/hello-robot/hello_robot_awong/install/stretch_nav2/local/lib/python3.10/dist-packages/stretch_nav2/simple_commander_demo.py
[2.714s] Listing '/home/hello-robot/hello_robot_awong/install/stretch_nav2/local/lib/python3.10/dist-packages/stretch_nav2'...
[2.723s] -- Up-to-date: /home/hello-robot/hello_robot_awong/install/stretch_nav2/lib/stretch_nav2/simple_commander_demo.py
[2.723s] -- Up-to-date: /home/hello-robot/hello_robot_awong/install/stretch_nav2/share/ament_index/resource_index/package_run_dependencies/stretch_nav2
[2.723s] -- Up-to-date: /home/hello-robot/hello_robot_awong/install/stretch_nav2/share/ament_index/resource_index/parent_prefix_path/stretch_nav2
[2.723s] -- Up-to-date: /home/hello-robot/hello_robot_awong/install/stretch_nav2/share/stretch_nav2/environment/ament_prefix_path.sh
[2.723s] -- Up-to-date: /home/hello-robot/hello_robot_awong/install/stretch_nav2/share/stretch_nav2/environment/ament_prefix_path.dsv
[2.724s] -- Up-to-date: /home/hello-robot/hello_robot_awong/install/stretch_nav2/share/stretch_nav2/environment/path.sh
[2.724s] -- Up-to-date: /home/hello-robot/hello_robot_awong/install/stretch_nav2/share/stretch_nav2/environment/path.dsv
[2.724s] -- Up-to-date: /home/hello-robot/hello_robot_awong/install/stretch_nav2/share/stretch_nav2/local_setup.bash
[2.724s] -- Up-to-date: /home/hello-robot/hello_robot_awong/install/stretch_nav2/share/stretch_nav2/local_setup.sh
[2.724s] -- Up-to-date: /home/hello-robot/hello_robot_awong/install/stretch_nav2/share/stretch_nav2/local_setup.zsh
[2.724s] -- Up-to-date: /home/hello-robot/hello_robot_awong/install/stretch_nav2/share/stretch_nav2/local_setup.dsv
[2.724s] -- Up-to-date: /home/hello-robot/hello_robot_awong/install/stretch_nav2/share/stretch_nav2/package.dsv
[2.725s] -- Up-to-date: /home/hello-robot/hello_robot_awong/install/stretch_nav2/share/ament_index/resource_index/packages/stretch_nav2
[2.725s] -- Up-to-date: /home/hello-robot/hello_robot_awong/install/stretch_nav2/share/stretch_nav2/cmake/stretch_nav2Config.cmake
[2.725s] -- Up-to-date: /home/hello-robot/hello_robot_awong/install/stretch_nav2/share/stretch_nav2/cmake/stretch_nav2Config-version.cmake
[2.725s] -- Up-to-date: /home/hello-robot/hello_robot_awong/install/stretch_nav2/share/stretch_nav2/package.xml
[2.728s] Invoked command in '/home/hello-robot/hello_robot_awong/build/stretch_nav2' returned '0': CMAKE_PREFIX_PATH=${CMAKE_PREFIX_PATH}:/home/hello-robot/ament_ws/install/tf2_web_republisher_py:/home/hello-robot/ament_ws/install/stretch_ros_tutorials:/home/hello-robot/ament_ws/install/stretch_funmap:/home/hello-robot/ament_ws/install/stretch_calibration:/home/hello-robot/ament_ws/install/stretch_demos:/home/hello-robot/ament_ws/install/stretch_deep_perception:/home/hello-robot/ament_ws/install/stretch_core:/home/hello-robot/ament_ws/install/respeaker_ros2:/home/hello-robot/ament_ws/install/hello_helpers:/opt/ros/humble /usr/bin/cmake --install /home/hello-robot/hello_robot_awong/build/stretch_nav2
