[1.401s] Invoking command in '/home/hello-robot/hello_robot_awong/src/stretch_ros2/stretch_core': AMENT_PREFIX_PATH=/home/hello-robot/hello_robot_awong/install/hello_helpers:${AMENT_PREFIX_PATH} PYTHONPATH=/home/hello-robot/hello_robot_awong/build/stretch_core/prefix_override:/usr/lib/python3/dist-packages/colcon_core/task/python/colcon_distutils_commands:/home/hello-robot/hello_robot_awong/install/stretch_core/lib/python3.10/site-packages:/home/hello-robot/hello_robot_awong/install/hello_helpers/lib/python3.10/site-packages:${PYTHONPATH} /usr/bin/python3 -W ignore:setup.py install is deprecated -W ignore:easy_install command is deprecated setup.py egg_info --egg-base ../../../build/stretch_core build --build-base /home/hello-robot/hello_robot_awong/build/stretch_core/build install --record /home/hello-robot/hello_robot_awong/build/stretch_core/install.log --single-version-externally-managed install_data
[1.853s] running egg_info
[1.853s] creating ../../../build/stretch_core/stretch_core.egg-info
[1.854s] writing ../../../build/stretch_core/stretch_core.egg-info/PKG-INFO
[1.854s] writing dependency_links to ../../../build/stretch_core/stretch_core.egg-info/dependency_links.txt
[1.855s] writing entry points to ../../../build/stretch_core/stretch_core.egg-info/entry_points.txt
[1.855s] writing requirements to ../../../build/stretch_core/stretch_core.egg-info/requires.txt
[1.855s] writing top-level names to ../../../build/stretch_core/stretch_core.egg-info/top_level.txt
[1.855s] writing manifest file '../../../build/stretch_core/stretch_core.egg-info/SOURCES.txt'
[1.858s] reading manifest file '../../../build/stretch_core/stretch_core.egg-info/SOURCES.txt'
[1.858s] adding license file 'LICENSE.md'
[1.859s] writing manifest file '../../../build/stretch_core/stretch_core.egg-info/SOURCES.txt'
[1.860s] running build
[1.860s] running build_py
[1.860s] creating /home/hello-robot/hello_robot_awong/build/stretch_core/build
[1.860s] creating /home/hello-robot/hello_robot_awong/build/stretch_core/build/lib
[1.860s] creating /home/hello-robot/hello_robot_awong/build/stretch_core/build/lib/stretch_core
[1.860s] copying stretch_core/trajectory_components.py -> /home/hello-robot/hello_robot_awong/build/stretch_core/build/lib/stretch_core
[1.860s] copying stretch_core/keyboard.py -> /home/hello-robot/hello_robot_awong/build/stretch_core/build/lib/stretch_core
[1.861s] copying stretch_core/stretch_driver.py -> /home/hello-robot/hello_robot_awong/build/stretch_core/build/lib/stretch_core
[1.861s] copying stretch_core/usb_cam.py -> /home/hello-robot/hello_robot_awong/build/stretch_core/build/lib/stretch_core
[1.861s] copying stretch_core/rwlock.py -> /home/hello-robot/hello_robot_awong/build/stretch_core/build/lib/stretch_core
[1.861s] copying stretch_core/__init__.py -> /home/hello-robot/hello_robot_awong/build/stretch_core/build/lib/stretch_core
[1.861s] copying stretch_core/keyboard_teleop.py -> /home/hello-robot/hello_robot_awong/build/stretch_core/build/lib/stretch_core
[1.861s] copying stretch_core/joint_trajectory_server.py -> /home/hello-robot/hello_robot_awong/build/stretch_core/build/lib/stretch_core
[1.861s] copying stretch_core/align_to_aruco.py -> /home/hello-robot/hello_robot_awong/build/stretch_core/build/lib/stretch_core
[1.862s] copying stretch_core/avoider.py -> /home/hello-robot/hello_robot_awong/build/stretch_core/build/lib/stretch_core
[1.862s] copying stretch_core/detect_aruco_markers.py -> /home/hello-robot/hello_robot_awong/build/stretch_core/build/lib/stretch_core
[1.862s] copying stretch_core/d435i_accel_correction.py -> /home/hello-robot/hello_robot_awong/build/stretch_core/build/lib/stretch_core
[1.862s] copying stretch_core/stretch_diagnostics.py -> /home/hello-robot/hello_robot_awong/build/stretch_core/build/lib/stretch_core
[1.862s] copying stretch_core/remote_gamepad.py -> /home/hello-robot/hello_robot_awong/build/stretch_core/build/lib/stretch_core
[1.862s] copying stretch_core/d435i_frustum_visualizer.py -> /home/hello-robot/hello_robot_awong/build/stretch_core/build/lib/stretch_core
[1.862s] copying stretch_core/command_groups.py -> /home/hello-robot/hello_robot_awong/build/stretch_core/build/lib/stretch_core
[1.862s] copying stretch_core/d435i_configure.py -> /home/hello-robot/hello_robot_awong/build/stretch_core/build/lib/stretch_core
[1.863s] running install
[1.863s] running install_lib
[1.865s] creating /home/hello-robot/hello_robot_awong/install/stretch_core/lib/python3.10/site-packages/stretch_core
[1.865s] copying /home/hello-robot/hello_robot_awong/build/stretch_core/build/lib/stretch_core/trajectory_components.py -> /home/hello-robot/hello_robot_awong/install/stretch_core/lib/python3.10/site-packages/stretch_core
[1.865s] copying /home/hello-robot/hello_robot_awong/build/stretch_core/build/lib/stretch_core/keyboard.py -> /home/hello-robot/hello_robot_awong/install/stretch_core/lib/python3.10/site-packages/stretch_core
[1.865s] copying /home/hello-robot/hello_robot_awong/build/stretch_core/build/lib/stretch_core/stretch_driver.py -> /home/hello-robot/hello_robot_awong/install/stretch_core/lib/python3.10/site-packages/stretch_core
[1.865s] copying /home/hello-robot/hello_robot_awong/build/stretch_core/build/lib/stretch_core/usb_cam.py -> /home/hello-robot/hello_robot_awong/install/stretch_core/lib/python3.10/site-packages/stretch_core
[1.865s] copying /home/hello-robot/hello_robot_awong/build/stretch_core/build/lib/stretch_core/rwlock.py -> /home/hello-robot/hello_robot_awong/install/stretch_core/lib/python3.10/site-packages/stretch_core
[1.865s] copying /home/hello-robot/hello_robot_awong/build/stretch_core/build/lib/stretch_core/__init__.py -> /home/hello-robot/hello_robot_awong/install/stretch_core/lib/python3.10/site-packages/stretch_core
[1.865s] copying /home/hello-robot/hello_robot_awong/build/stretch_core/build/lib/stretch_core/keyboard_teleop.py -> /home/hello-robot/hello_robot_awong/install/stretch_core/lib/python3.10/site-packages/stretch_core
[1.866s] copying /home/hello-robot/hello_robot_awong/build/stretch_core/build/lib/stretch_core/joint_trajectory_server.py -> /home/hello-robot/hello_robot_awong/install/stretch_core/lib/python3.10/site-packages/stretch_core
[1.866s] copying /home/hello-robot/hello_robot_awong/build/stretch_core/build/lib/stretch_core/align_to_aruco.py -> /home/hello-robot/hello_robot_awong/install/stretch_core/lib/python3.10/site-packages/stretch_core
[1.866s] copying /home/hello-robot/hello_robot_awong/build/stretch_core/build/lib/stretch_core/avoider.py -> /home/hello-robot/hello_robot_awong/install/stretch_core/lib/python3.10/site-packages/stretch_core
[1.866s] copying /home/hello-robot/hello_robot_awong/build/stretch_core/build/lib/stretch_core/detect_aruco_markers.py -> /home/hello-robot/hello_robot_awong/install/stretch_core/lib/python3.10/site-packages/stretch_core
[1.866s] copying /home/hello-robot/hello_robot_awong/build/stretch_core/build/lib/stretch_core/d435i_accel_correction.py -> /home/hello-robot/hello_robot_awong/install/stretch_core/lib/python3.10/site-packages/stretch_core
[1.866s] copying /home/hello-robot/hello_robot_awong/build/stretch_core/build/lib/stretch_core/stretch_diagnostics.py -> /home/hello-robot/hello_robot_awong/install/stretch_core/lib/python3.10/site-packages/stretch_core
[1.867s] copying /home/hello-robot/hello_robot_awong/build/stretch_core/build/lib/stretch_core/remote_gamepad.py -> /home/hello-robot/hello_robot_awong/install/stretch_core/lib/python3.10/site-packages/stretch_core
[1.867s] copying /home/hello-robot/hello_robot_awong/build/stretch_core/build/lib/stretch_core/d435i_frustum_visualizer.py -> /home/hello-robot/hello_robot_awong/install/stretch_core/lib/python3.10/site-packages/stretch_core
[1.867s] copying /home/hello-robot/hello_robot_awong/build/stretch_core/build/lib/stretch_core/command_groups.py -> /home/hello-robot/hello_robot_awong/install/stretch_core/lib/python3.10/site-packages/stretch_core
[1.867s] copying /home/hello-robot/hello_robot_awong/build/stretch_core/build/lib/stretch_core/d435i_configure.py -> /home/hello-robot/hello_robot_awong/install/stretch_core/lib/python3.10/site-packages/stretch_core
[1.867s] byte-compiling /home/hello-robot/hello_robot_awong/install/stretch_core/lib/python3.10/site-packages/stretch_core/trajectory_components.py to trajectory_components.cpython-310.pyc
[1.869s] byte-compiling /home/hello-robot/hello_robot_awong/install/stretch_core/lib/python3.10/site-packages/stretch_core/keyboard.py to keyboard.cpython-310.pyc
[1.870s] byte-compiling /home/hello-robot/hello_robot_awong/install/stretch_core/lib/python3.10/site-packages/stretch_core/stretch_driver.py to stretch_driver.cpython-310.pyc
[1.878s] byte-compiling /home/hello-robot/hello_robot_awong/install/stretch_core/lib/python3.10/site-packages/stretch_core/usb_cam.py to usb_cam.cpython-310.pyc
[1.880s] byte-compiling /home/hello-robot/hello_robot_awong/install/stretch_core/lib/python3.10/site-packages/stretch_core/rwlock.py to rwlock.cpython-310.pyc
[1.880s] byte-compiling /home/hello-robot/hello_robot_awong/install/stretch_core/lib/python3.10/site-packages/stretch_core/__init__.py to __init__.cpython-310.pyc
[1.881s] byte-compiling /home/hello-robot/hello_robot_awong/install/stretch_core/lib/python3.10/site-packages/stretch_core/keyboard_teleop.py to keyboard_teleop.cpython-310.pyc
[1.884s] byte-compiling /home/hello-robot/hello_robot_awong/install/stretch_core/lib/python3.10/site-packages/stretch_core/joint_trajectory_server.py to joint_trajectory_server.cpython-310.pyc
[1.888s] byte-compiling /home/hello-robot/hello_robot_awong/install/stretch_core/lib/python3.10/site-packages/stretch_core/align_to_aruco.py to align_to_aruco.cpython-310.pyc
[1.889s] byte-compiling /home/hello-robot/hello_robot_awong/install/stretch_core/lib/python3.10/site-packages/stretch_core/avoider.py to avoider.cpython-310.pyc
[1.890s] byte-compiling /home/hello-robot/hello_robot_awong/install/stretch_core/lib/python3.10/site-packages/stretch_core/detect_aruco_markers.py to detect_aruco_markers.cpython-310.pyc
[1.895s] byte-compiling /home/hello-robot/hello_robot_awong/install/stretch_core/lib/python3.10/site-packages/stretch_core/d435i_accel_correction.py to d435i_accel_correction.cpython-310.pyc
[1.895s] byte-compiling /home/hello-robot/hello_robot_awong/install/stretch_core/lib/python3.10/site-packages/stretch_core/stretch_diagnostics.py to stretch_diagnostics.cpython-310.pyc
[1.897s] byte-compiling /home/hello-robot/hello_robot_awong/install/stretch_core/lib/python3.10/site-packages/stretch_core/remote_gamepad.py to remote_gamepad.cpython-310.pyc
[1.897s] byte-compiling /home/hello-robot/hello_robot_awong/install/stretch_core/lib/python3.10/site-packages/stretch_core/d435i_frustum_visualizer.py to d435i_frustum_visualizer.cpython-310.pyc
[1.899s] byte-compiling /home/hello-robot/hello_robot_awong/install/stretch_core/lib/python3.10/site-packages/stretch_core/command_groups.py to command_groups.cpython-310.pyc
[1.905s] byte-compiling /home/hello-robot/hello_robot_awong/install/stretch_core/lib/python3.10/site-packages/stretch_core/d435i_configure.py to d435i_configure.cpython-310.pyc
[1.906s] running install_data
[1.906s] creating /home/hello-robot/hello_robot_awong/install/stretch_core/share/ament_index
[1.906s] creating /home/hello-robot/hello_robot_awong/install/stretch_core/share/ament_index/resource_index
[1.906s] creating /home/hello-robot/hello_robot_awong/install/stretch_core/share/ament_index/resource_index/packages
[1.906s] copying resource/stretch_core -> /home/hello-robot/hello_robot_awong/install/stretch_core/share/ament_index/resource_index/packages
[1.906s] copying package.xml -> /home/hello-robot/hello_robot_awong/install/stretch_core/share/stretch_core
[1.907s] creating /home/hello-robot/hello_robot_awong/install/stretch_core/share/stretch_core/launch
[1.907s] copying launch/align_to_aruco.launch.py -> /home/hello-robot/hello_robot_awong/install/stretch_core/share/stretch_core/launch
[1.907s] copying launch/stretch_aruco.launch.py -> /home/hello-robot/hello_robot_awong/install/stretch_core/share/stretch_core/launch
[1.907s] copying launch/navigation_camera.launch.py -> /home/hello-robot/hello_robot_awong/install/stretch_core/share/stretch_core/launch
[1.907s] copying launch/rplidar.launch.py -> /home/hello-robot/hello_robot_awong/install/stretch_core/share/stretch_core/launch
[1.908s] copying launch/stretch_realsense.launch.py -> /home/hello-robot/hello_robot_awong/install/stretch_core/share/stretch_core/launch
[1.909s] copying launch/d435i_high_resolution.launch.py -> /home/hello-robot/hello_robot_awong/install/stretch_core/share/stretch_core/launch
[1.909s] copying launch/d435i_low_resolution.launch.py -> /home/hello-robot/hello_robot_awong/install/stretch_core/share/stretch_core/launch
[1.909s] copying launch/stretch_driver.launch.py -> /home/hello-robot/hello_robot_awong/install/stretch_core/share/stretch_core/launch
[1.909s] copying launch/beta_navigation_camera.launch.py -> /home/hello-robot/hello_robot_awong/install/stretch_core/share/stretch_core/launch
[1.909s] copying launch/rplidar_keepout.launch.py -> /home/hello-robot/hello_robot_awong/install/stretch_core/share/stretch_core/launch
[1.909s] copying launch/d405_basic.launch.py -> /home/hello-robot/hello_robot_awong/install/stretch_core/share/stretch_core/launch
[1.909s] copying launch/d435i_basic.launch.py -> /home/hello-robot/hello_robot_awong/install/stretch_core/share/stretch_core/launch
[1.909s] copying launch/beta_gripper_camera.launch.py -> /home/hello-robot/hello_robot_awong/install/stretch_core/share/stretch_core/launch
[1.909s] copying launch/multi_camera.launch.py -> /home/hello-robot/hello_robot_awong/install/stretch_core/share/stretch_core/launch
[1.909s] creating /home/hello-robot/hello_robot_awong/install/stretch_core/share/stretch_core/config
[1.909s] copying config/controller_calibration_head.yaml -> /home/hello-robot/hello_robot_awong/install/stretch_core/share/stretch_core/config
[1.909s] copying config/controller_calibration_head_factory_default.yaml -> /home/hello-robot/hello_robot_awong/install/stretch_core/share/stretch_core/config
[1.909s] copying config/HighAccuracyPreset.json -> /home/hello-robot/hello_robot_awong/install/stretch_core/share/stretch_core/config
[1.909s] copying config/stretch_marker_dict.yaml -> /home/hello-robot/hello_robot_awong/install/stretch_core/share/stretch_core/config
[1.909s] copying config/laser_filter_params.yaml -> /home/hello-robot/hello_robot_awong/install/stretch_core/share/stretch_core/config
[1.910s] creating /home/hello-robot/hello_robot_awong/install/stretch_core/share/stretch_core/rviz
[1.910s] copying rviz/stretch_simple_test.rviz -> /home/hello-robot/hello_robot_awong/install/stretch_core/share/stretch_core/rviz
[1.910s] running install_egg_info
[1.911s] Copying ../../../build/stretch_core/stretch_core.egg-info to /home/hello-robot/hello_robot_awong/install/stretch_core/lib/python3.10/site-packages/stretch_core-0.2.0-py3.10.egg-info
[1.912s] running install_scripts
[1.942s] Installing align_to_aruco script to /home/hello-robot/hello_robot_awong/install/stretch_core/lib/stretch_core
[1.942s] Installing avoider script to /home/hello-robot/hello_robot_awong/install/stretch_core/lib/stretch_core
[1.942s] Installing d435i_accel_correction script to /home/hello-robot/hello_robot_awong/install/stretch_core/lib/stretch_core
[1.942s] Installing detect_aruco_markers script to /home/hello-robot/hello_robot_awong/install/stretch_core/lib/stretch_core
[1.942s] Installing keyboard_teleop script to /home/hello-robot/hello_robot_awong/install/stretch_core/lib/stretch_core
[1.942s] Installing remote_gamepad script to /home/hello-robot/hello_robot_awong/install/stretch_core/lib/stretch_core
[1.943s] Installing stretch_driver script to /home/hello-robot/hello_robot_awong/install/stretch_core/lib/stretch_core
[1.943s] Installing usb_cam script to /home/hello-robot/hello_robot_awong/install/stretch_core/lib/stretch_core
[1.944s] writing list of installed files to '/home/hello-robot/hello_robot_awong/build/stretch_core/install.log'
[1.975s] Invoked command in '/home/hello-robot/hello_robot_awong/src/stretch_ros2/stretch_core' returned '0': AMENT_PREFIX_PATH=/home/hello-robot/hello_robot_awong/install/hello_helpers:${AMENT_PREFIX_PATH} PYTHONPATH=/home/hello-robot/hello_robot_awong/build/stretch_core/prefix_override:/usr/lib/python3/dist-packages/colcon_core/task/python/colcon_distutils_commands:/home/hello-robot/hello_robot_awong/install/stretch_core/lib/python3.10/site-packages:/home/hello-robot/hello_robot_awong/install/hello_helpers/lib/python3.10/site-packages:${PYTHONPATH} /usr/bin/python3 -W ignore:setup.py install is deprecated -W ignore:easy_install command is deprecated setup.py egg_info --egg-base ../../../build/stretch_core build --build-base /home/hello-robot/hello_robot_awong/build/stretch_core/build install --record /home/hello-robot/hello_robot_awong/build/stretch_core/install.log --single-version-externally-managed install_data
