[2.806s] Invoking command in '/home/hello-robot/hello_robot_awong/src/stretch_ros2/stretch_demos': PYTHONPATH=/home/hello-robot/hello_robot_awong/build/stretch_demos/prefix_override:/usr/lib/python3/dist-packages/colcon_core/task/python/colcon_distutils_commands:/home/hello-robot/hello_robot_awong/install/stretch_demos/lib/python3.10/site-packages:${PYTHONPATH} /usr/bin/python3 -W ignore:setup.py install is deprecated -W ignore:easy_install command is deprecated setup.py egg_info --egg-base ../../../build/stretch_demos build --build-base /home/hello-robot/hello_robot_awong/build/stretch_demos/build install --record /home/hello-robot/hello_robot_awong/build/stretch_demos/install.log --single-version-externally-managed install_data
[3.309s] running egg_info
[3.311s] writing ../../../build/stretch_demos/stretch_demos.egg-info/PKG-INFO
[3.311s] writing dependency_links to ../../../build/stretch_demos/stretch_demos.egg-info/dependency_links.txt
[3.311s] writing entry points to ../../../build/stretch_demos/stretch_demos.egg-info/entry_points.txt
[3.312s] writing requirements to ../../../build/stretch_demos/stretch_demos.egg-info/requires.txt
[3.312s] writing top-level names to ../../../build/stretch_demos/stretch_demos.egg-info/top_level.txt
[3.315s] reading manifest file '../../../build/stretch_demos/stretch_demos.egg-info/SOURCES.txt'
[3.315s] adding license file 'LICENSE.md'
[3.316s] writing manifest file '../../../build/stretch_demos/stretch_demos.egg-info/SOURCES.txt'
[3.316s] running build
[3.316s] running build_py
[3.316s] running install
[3.317s] running install_lib
[3.319s] running install_data
[3.319s] running install_egg_info
[3.322s] removing '/home/hello-robot/hello_robot_awong/install/stretch_demos/lib/python3.10/site-packages/stretch_demos-0.0.0-py3.10.egg-info' (and everything under it)
[3.323s] Copying ../../../build/stretch_demos/stretch_demos.egg-info to /home/hello-robot/hello_robot_awong/install/stretch_demos/lib/python3.10/site-packages/stretch_demos-0.0.0-py3.10.egg-info
[3.324s] running install_scripts
[3.355s] Installing clean_surface script to /home/hello-robot/hello_robot_awong/install/stretch_demos/lib/stretch_demos
[3.355s] Installing grasp_object script to /home/hello-robot/hello_robot_awong/install/stretch_demos/lib/stretch_demos
[3.355s] Installing handover_object script to /home/hello-robot/hello_robot_awong/install/stretch_demos/lib/stretch_demos
[3.356s] Installing hello_world script to /home/hello-robot/hello_robot_awong/install/stretch_demos/lib/stretch_demos
[3.356s] Installing open_drawer script to /home/hello-robot/hello_robot_awong/install/stretch_demos/lib/stretch_demos
[3.356s] writing list of installed files to '/home/hello-robot/hello_robot_awong/build/stretch_demos/install.log'
[3.405s] Invoked command in '/home/hello-robot/hello_robot_awong/src/stretch_ros2/stretch_demos' returned '0': PYTHONPATH=/home/hello-robot/hello_robot_awong/build/stretch_demos/prefix_override:/usr/lib/python3/dist-packages/colcon_core/task/python/colcon_distutils_commands:/home/hello-robot/hello_robot_awong/install/stretch_demos/lib/python3.10/site-packages:${PYTHONPATH} /usr/bin/python3 -W ignore:setup.py install is deprecated -W ignore:easy_install command is deprecated setup.py egg_info --egg-base ../../../build/stretch_demos build --build-base /home/hello-robot/hello_robot_awong/build/stretch_demos/build install --record /home/hello-robot/hello_robot_awong/build/stretch_demos/install.log --single-version-externally-managed install_data
