[2.809s] Invoking command in '/home/hello-robot/hello_robot_awong/src/stretch_ros2/stretch_deep_perception': PYTHONPATH=/home/hello-robot/hello_robot_awong/build/stretch_deep_perception/prefix_override:/usr/lib/python3/dist-packages/colcon_core/task/python/colcon_distutils_commands:/home/hello-robot/hello_robot_awong/install/stretch_deep_perception/lib/python3.10/site-packages:${PYTHONPATH} /usr/bin/python3 -W ignore:setup.py install is deprecated -W ignore:easy_install command is deprecated setup.py egg_info --egg-base ../../../build/stretch_deep_perception build --build-base /home/hello-robot/hello_robot_awong/build/stretch_deep_perception/build install --record /home/hello-robot/hello_robot_awong/build/stretch_deep_perception/install.log --single-version-externally-managed install_data
[3.314s] running egg_info
[3.315s] writing ../../../build/stretch_deep_perception/stretch_deep_perception.egg-info/PKG-INFO
[3.315s] writing dependency_links to ../../../build/stretch_deep_perception/stretch_deep_perception.egg-info/dependency_links.txt
[3.315s] writing entry points to ../../../build/stretch_deep_perception/stretch_deep_perception.egg-info/entry_points.txt
[3.315s] writing requirements to ../../../build/stretch_deep_perception/stretch_deep_perception.egg-info/requires.txt
[3.315s] writing top-level names to ../../../build/stretch_deep_perception/stretch_deep_perception.egg-info/top_level.txt
[3.319s] reading manifest file '../../../build/stretch_deep_perception/stretch_deep_perception.egg-info/SOURCES.txt'
[3.320s] adding license file 'LICENSE.md'
[3.321s] writing manifest file '../../../build/stretch_deep_perception/stretch_deep_perception.egg-info/SOURCES.txt'
[3.322s] running build
[3.322s] running build_py
[3.324s] running install
[3.324s] running install_lib
[3.328s] running install_data
[3.328s] running install_egg_info
[3.332s] removing '/home/hello-robot/hello_robot_awong/install/stretch_deep_perception/lib/python3.10/site-packages/stretch_deep_perception-0.0.0-py3.10.egg-info' (and everything under it)
[3.332s] Copying ../../../build/stretch_deep_perception/stretch_deep_perception.egg-info to /home/hello-robot/hello_robot_awong/install/stretch_deep_perception/lib/python3.10/site-packages/stretch_deep_perception-0.0.0-py3.10.egg-info
[3.333s] running install_scripts
[3.364s] Installing detect_body_landmarks script to /home/hello-robot/hello_robot_awong/install/stretch_deep_perception/lib/stretch_deep_perception
[3.364s] Installing detect_faces script to /home/hello-robot/hello_robot_awong/install/stretch_deep_perception/lib/stretch_deep_perception
[3.365s] Installing detect_nearest_mouth script to /home/hello-robot/hello_robot_awong/install/stretch_deep_perception/lib/stretch_deep_perception
[3.365s] Installing detect_objects script to /home/hello-robot/hello_robot_awong/install/stretch_deep_perception/lib/stretch_deep_perception
[3.366s] writing list of installed files to '/home/hello-robot/hello_robot_awong/build/stretch_deep_perception/install.log'
[3.406s] Invoked command in '/home/hello-robot/hello_robot_awong/src/stretch_ros2/stretch_deep_perception' returned '0': PYTHONPATH=/home/hello-robot/hello_robot_awong/build/stretch_deep_perception/prefix_override:/usr/lib/python3/dist-packages/colcon_core/task/python/colcon_distutils_commands:/home/hello-robot/hello_robot_awong/install/stretch_deep_perception/lib/python3.10/site-packages:${PYTHONPATH} /usr/bin/python3 -W ignore:setup.py install is deprecated -W ignore:easy_install command is deprecated setup.py egg_info --egg-base ../../../build/stretch_deep_perception build --build-base /home/hello-robot/hello_robot_awong/build/stretch_deep_perception/build install --record /home/hello-robot/hello_robot_awong/build/stretch_deep_perception/install.log --single-version-externally-managed install_data
