[1.123s] Invoking command in '/home/hello-robot/hello_robot_awong/src/stretch_ros2/stretch_calibration': AMENT_PREFIX_PATH=/home/hello-robot/hello_robot_awong/install/stretch_core:/home/hello-robot/hello_robot_awong/install/stretch_description:/home/hello-robot/hello_robot_awong/install/hello_helpers:${AMENT_PREFIX_PATH} CMAKE_PREFIX_PATH=/home/hello-robot/hello_robot_awong/install/stretch_description:${CMAKE_PREFIX_PATH} PYTHONPATH=/home/hello-robot/hello_robot_awong/build/stretch_calibration/prefix_override:/usr/lib/python3/dist-packages/colcon_core/task/python/colcon_distutils_commands:/home/hello-robot/hello_robot_awong/install/stretch_calibration/lib/python3.10/site-packages:/home/hello-robot/hello_robot_awong/install/stretch_core/lib/python3.10/site-packages:/home/hello-robot/hello_robot_awong/install/hello_helpers/lib/python3.10/site-packages:${PYTHONPATH} /usr/bin/python3 -W ignore:setup.py install is deprecated -W ignore:easy_install command is deprecated setup.py egg_info --egg-base ../../../build/stretch_calibration build --build-base /home/hello-robot/hello_robot_awong/build/stretch_calibration/build install --record /home/hello-robot/hello_robot_awong/build/stretch_calibration/install.log --single-version-externally-managed install_data
[1.540s] running egg_info
[1.541s] writing ../../../build/stretch_calibration/stretch_calibration.egg-info/PKG-INFO
[1.541s] writing dependency_links to ../../../build/stretch_calibration/stretch_calibration.egg-info/dependency_links.txt
[1.542s] writing entry points to ../../../build/stretch_calibration/stretch_calibration.egg-info/entry_points.txt
[1.542s] writing requirements to ../../../build/stretch_calibration/stretch_calibration.egg-info/requires.txt
[1.542s] writing top-level names to ../../../build/stretch_calibration/stretch_calibration.egg-info/top_level.txt
[1.544s] reading manifest file '../../../build/stretch_calibration/stretch_calibration.egg-info/SOURCES.txt'
[1.545s] adding license file 'LICENSE.md'
[1.546s] writing manifest file '../../../build/stretch_calibration/stretch_calibration.egg-info/SOURCES.txt'
[1.546s] running build
[1.546s] running build_py
[1.548s] running install
[1.548s] running install_lib
[1.550s] running install_data
[1.551s] running install_egg_info
[1.554s] removing '/home/hello-robot/hello_robot_awong/install/stretch_calibration/lib/python3.10/site-packages/stretch_calibration-0.2.0-py3.10.egg-info' (and everything under it)
[1.554s] Copying ../../../build/stretch_calibration/stretch_calibration.egg-info to /home/hello-robot/hello_robot_awong/install/stretch_calibration/lib/python3.10/site-packages/stretch_calibration-0.2.0-py3.10.egg-info
[1.555s] running install_scripts
[1.584s] Installing check_head_calibration script to /home/hello-robot/hello_robot_awong/install/stretch_calibration/lib/stretch_calibration
[1.584s] Installing collect_head_calibration_data script to /home/hello-robot/hello_robot_awong/install/stretch_calibration/lib/stretch_calibration
[1.584s] Installing process_head_calibration_data script to /home/hello-robot/hello_robot_awong/install/stretch_calibration/lib/stretch_calibration
[1.585s] Installing revert_to_previous_calibration script to /home/hello-robot/hello_robot_awong/install/stretch_calibration/lib/stretch_calibration
[1.585s] Installing update_uncalibrated_urdf script to /home/hello-robot/hello_robot_awong/install/stretch_calibration/lib/stretch_calibration
[1.585s] Installing update_urdf_after_xacro_change script to /home/hello-robot/hello_robot_awong/install/stretch_calibration/lib/stretch_calibration
[1.585s] Installing update_with_most_recent_calibration script to /home/hello-robot/hello_robot_awong/install/stretch_calibration/lib/stretch_calibration
[1.585s] Installing visualize_most_recent_head_calibration script to /home/hello-robot/hello_robot_awong/install/stretch_calibration/lib/stretch_calibration
[1.585s] writing list of installed files to '/home/hello-robot/hello_robot_awong/build/stretch_calibration/install.log'
[1.614s] Invoked command in '/home/hello-robot/hello_robot_awong/src/stretch_ros2/stretch_calibration' returned '0': AMENT_PREFIX_PATH=/home/hello-robot/hello_robot_awong/install/stretch_core:/home/hello-robot/hello_robot_awong/install/stretch_description:/home/hello-robot/hello_robot_awong/install/hello_helpers:${AMENT_PREFIX_PATH} CMAKE_PREFIX_PATH=/home/hello-robot/hello_robot_awong/install/stretch_description:${CMAKE_PREFIX_PATH} PYTHONPATH=/home/hello-robot/hello_robot_awong/build/stretch_calibration/prefix_override:/usr/lib/python3/dist-packages/colcon_core/task/python/colcon_distutils_commands:/home/hello-robot/hello_robot_awong/install/stretch_calibration/lib/python3.10/site-packages:/home/hello-robot/hello_robot_awong/install/stretch_core/lib/python3.10/site-packages:/home/hello-robot/hello_robot_awong/install/hello_helpers/lib/python3.10/site-packages:${PYTHONPATH} /usr/bin/python3 -W ignore:setup.py install is deprecated -W ignore:easy_install command is deprecated setup.py egg_info --egg-base ../../../build/stretch_calibration build --build-base /home/hello-robot/hello_robot_awong/build/stretch_calibration/build install --record /home/hello-robot/hello_robot_awong/build/stretch_calibration/install.log --single-version-externally-managed install_data
