[0.539s] Invoking command in '/home/hello-robot/hello_robot_awong/build/stretch_description': CMAKE_PREFIX_PATH=${CMAKE_PREFIX_PATH}:/home/hello-robot/ament_ws/install/tf2_web_republisher_py:/home/hello-robot/ament_ws/install/stretch_ros_tutorials:/home/hello-robot/ament_ws/install/stretch_funmap:/home/hello-robot/ament_ws/install/stretch_calibration:/home/hello-robot/ament_ws/install/stretch_demos:/home/hello-robot/ament_ws/install/stretch_deep_perception:/home/hello-robot/ament_ws/install/stretch_core:/home/hello-robot/ament_ws/install/respeaker_ros2:/home/hello-robot/ament_ws/install/hello_helpers:/opt/ros/humble /usr/bin/cmake --build /home/hello-robot/hello_robot_awong/build/stretch_description -- -j8 -l8
[1.972s] Invoked command in '/home/hello-robot/hello_robot_awong/build/stretch_description' returned '0': CMAKE_PREFIX_PATH=${CMAKE_PREFIX_PATH}:/home/hello-robot/ament_ws/install/tf2_web_republisher_py:/home/hello-robot/ament_ws/install/stretch_ros_tutorials:/home/hello-robot/ament_ws/install/stretch_funmap:/home/hello-robot/ament_ws/install/stretch_calibration:/home/hello-robot/ament_ws/install/stretch_demos:/home/hello-robot/ament_ws/install/stretch_deep_perception:/home/hello-robot/ament_ws/install/stretch_core:/home/hello-robot/ament_ws/install/respeaker_ros2:/home/hello-robot/ament_ws/install/hello_helpers:/opt/ros/humble /usr/bin/cmake --build /home/hello-robot/hello_robot_awong/build/stretch_description -- -j8 -l8
[1.987s] Invoking command in '/home/hello-robot/hello_robot_awong/build/stretch_description': CMAKE_PREFIX_PATH=${CMAKE_PREFIX_PATH}:/home/hello-robot/ament_ws/install/tf2_web_republisher_py:/home/hello-robot/ament_ws/install/stretch_ros_tutorials:/home/hello-robot/ament_ws/install/stretch_funmap:/home/hello-robot/ament_ws/install/stretch_calibration:/home/hello-robot/ament_ws/install/stretch_demos:/home/hello-robot/ament_ws/install/stretch_deep_perception:/home/hello-robot/ament_ws/install/stretch_core:/home/hello-robot/ament_ws/install/respeaker_ros2:/home/hello-robot/ament_ws/install/hello_helpers:/opt/ros/humble /usr/bin/cmake --install /home/hello-robot/hello_robot_awong/build/stretch_description
[1.998s] -- Install configuration: ""
[2.000s] -- Up-to-date: /home/hello-robot/hello_robot_awong/install/stretch_description/share/stretch_description/meshes
[2.000s] -- Up-to-date: /home/hello-robot/hello_robot_awong/install/stretch_description/share/stretch_description/meshes/link_aruco_right_base_collision.STL
[2.000s] -- Up-to-date: /home/hello-robot/hello_robot_awong/install/stretch_description/share/stretch_description/meshes/link_respeaker.STL
[2.000s] -- Up-to-date: /home/hello-robot/hello_robot_awong/install/stretch_description/share/stretch_description/meshes/link_aruco_inner_wrist.STL
[2.000s] -- Up-to-date: /home/hello-robot/hello_robot_awong/install/stretch_description/share/stretch_description/meshes/link_gripper.STL
[2.001s] -- Up-to-date: /home/hello-robot/hello_robot_awong/install/stretch_description/share/stretch_description/meshes/link_aruco_right_base.STL
[2.003s] -- Up-to-date: /home/hello-robot/hello_robot_awong/install/stretch_description/share/stretch_description/meshes/link_lift_collision.STL
[2.004s] -- Up-to-date: /home/hello-robot/hello_robot_awong/install/stretch_description/share/stretch_description/meshes/link_mast_collision.STL
[2.005s] -- Up-to-date: /home/hello-robot/hello_robot_awong/install/stretch_description/share/stretch_description/meshes/link_arm_l3.STL
[2.005s] -- Up-to-date: /home/hello-robot/hello_robot_awong/install/stretch_description/share/stretch_description/meshes/link_right_wheel.STL
[2.005s] -- Up-to-date: /home/hello-robot/hello_robot_awong/install/stretch_description/share/stretch_description/meshes/link_straight_gripper_collision.STL
[2.005s] -- Up-to-date: /home/hello-robot/hello_robot_awong/install/stretch_description/share/stretch_description/meshes/base_imu_collision.STL
[2.005s] -- Up-to-date: /home/hello-robot/hello_robot_awong/install/stretch_description/share/stretch_description/meshes/link_aruco_left_base.STL
[2.006s] -- Up-to-date: /home/hello-robot/hello_robot_awong/install/stretch_description/share/stretch_description/meshes/link_wrist_roll_collision.STL
[2.006s] -- Up-to-date: /home/hello-robot/hello_robot_awong/install/stretch_description/share/stretch_description/meshes/link_left_wheel.STL
[2.006s] -- Up-to-date: /home/hello-robot/hello_robot_awong/install/stretch_description/share/stretch_description/meshes/base_link.STL
[2.006s] -- Up-to-date: /home/hello-robot/hello_robot_awong/install/stretch_description/share/stretch_description/meshes/link_wrist_yaw_collision.STL
[2.006s] -- Up-to-date: /home/hello-robot/hello_robot_awong/install/stretch_description/share/stretch_description/meshes/link_aruco_left_base_collision.STL
[2.006s] -- Up-to-date: /home/hello-robot/hello_robot_awong/install/stretch_description/share/stretch_description/meshes/base_imu.STL
[2.007s] -- Up-to-date: /home/hello-robot/hello_robot_awong/install/stretch_description/share/stretch_description/meshes/link_head_collision.STL
[2.007s] -- Up-to-date: /home/hello-robot/hello_robot_awong/install/stretch_description/share/stretch_description/meshes/link_wrist_yaw_bottom.STL
[2.007s] -- Up-to-date: /home/hello-robot/hello_robot_awong/install/stretch_description/share/stretch_description/meshes/link_arm_l1_collision.STL
[2.007s] -- Up-to-date: /home/hello-robot/hello_robot_awong/install/stretch_description/share/stretch_description/meshes/link_aruco_top_wrist_collision.STL
[2.008s] -- Up-to-date: /home/hello-robot/hello_robot_awong/install/stretch_description/share/stretch_description/meshes/laser_collision.STL
[2.008s] -- Up-to-date: /home/hello-robot/hello_robot_awong/install/stretch_description/share/stretch_description/meshes/link_gripper_finger_right_collision.STL
[2.008s] -- Up-to-date: /home/hello-robot/hello_robot_awong/install/stretch_description/share/stretch_description/meshes/respeaker_base_collision.STL
[2.008s] -- Up-to-date: /home/hello-robot/hello_robot_awong/install/stretch_description/share/stretch_description/meshes/link_arm_l4.STL
[2.009s] -- Up-to-date: /home/hello-robot/hello_robot_awong/install/stretch_description/share/stretch_description/meshes/link_aruco_shoulder_collision.STL
[2.009s] -- Up-to-date: /home/hello-robot/hello_robot_awong/install/stretch_description/share/stretch_description/meshes/link_lift.STL
[2.009s] -- Up-to-date: /home/hello-robot/hello_robot_awong/install/stretch_description/share/stretch_description/meshes/link_wrist_pitch_collision.STL
[2.009s] -- Up-to-date: /home/hello-robot/hello_robot_awong/install/stretch_description/share/stretch_description/meshes/link_head_tilt.STL
[2.009s] -- Up-to-date: /home/hello-robot/hello_robot_awong/install/stretch_description/share/stretch_description/meshes/link_arm_l2.STL
[2.009s] -- Up-to-date: /home/hello-robot/hello_robot_awong/install/stretch_description/share/stretch_description/meshes/link_aruco_top_wrist.STL
[2.010s] -- Up-to-date: /home/hello-robot/hello_robot_awong/install/stretch_description/share/stretch_description/meshes/link_right_wheel_collision.STL
[2.010s] -- Up-to-date: /home/hello-robot/hello_robot_awong/install/stretch_description/share/stretch_description/meshes/.gitkeep
[2.010s] -- Up-to-date: /home/hello-robot/hello_robot_awong/install/stretch_description/share/stretch_description/meshes/link_head.STL
[2.010s] -- Up-to-date: /home/hello-robot/hello_robot_awong/install/stretch_description/share/stretch_description/meshes/link_gripper_fingertip_left_collision.STL
[2.010s] -- Up-to-date: /home/hello-robot/hello_robot_awong/install/stretch_description/share/stretch_description/meshes/link_mast.STL
[2.010s] -- Up-to-date: /home/hello-robot/hello_robot_awong/install/stretch_description/share/stretch_description/meshes/link_gripper_fingertip_right_collision.STL
[2.011s] -- Up-to-date: /home/hello-robot/hello_robot_awong/install/stretch_description/share/stretch_description/meshes/link_gripper_finger_left.STL
[2.011s] -- Up-to-date: /home/hello-robot/hello_robot_awong/install/stretch_description/share/stretch_description/meshes/link_arm_l0.STL
[2.011s] -- Up-to-date: /home/hello-robot/hello_robot_awong/install/stretch_description/share/stretch_description/meshes/link_wrist_pitch.STL
[2.012s] -- Up-to-date: /home/hello-robot/hello_robot_awong/install/stretch_description/share/stretch_description/meshes/link_arm_l0_collision.STL
[2.013s] -- Up-to-date: /home/hello-robot/hello_robot_awong/install/stretch_description/share/stretch_description/meshes/link_wrist_roll.STL
[2.013s] -- Up-to-date: /home/hello-robot/hello_robot_awong/install/stretch_description/share/stretch_description/meshes/link_gripper_fingertip_right.STL
[2.013s] -- Up-to-date: /home/hello-robot/hello_robot_awong/install/stretch_description/share/stretch_description/meshes/link_puller.STL
[2.014s] -- Up-to-date: /home/hello-robot/hello_robot_awong/install/stretch_description/share/stretch_description/meshes/base_link_collision.STL
[2.016s] -- Up-to-date: /home/hello-robot/hello_robot_awong/install/stretch_description/share/stretch_description/meshes/link_arm_l3_collision.STL
[2.016s] -- Up-to-date: /home/hello-robot/hello_robot_awong/install/stretch_description/share/stretch_description/meshes/link_head_tilt_collision.STL
[2.016s] -- Up-to-date: /home/hello-robot/hello_robot_awong/install/stretch_description/share/stretch_description/meshes/link_arm_l4_collision.STL
[2.016s] -- Up-to-date: /home/hello-robot/hello_robot_awong/install/stretch_description/share/stretch_description/meshes/laser.STL
[2.019s] -- Up-to-date: /home/hello-robot/hello_robot_awong/install/stretch_description/share/stretch_description/meshes/link_dry_erase_holder.STL
[2.019s] -- Up-to-date: /home/hello-robot/hello_robot_awong/install/stretch_description/share/stretch_description/meshes/link_left_wheel_collision.STL
[2.019s] -- Up-to-date: /home/hello-robot/hello_robot_awong/install/stretch_description/share/stretch_description/meshes/d435.dae
[2.019s] -- Up-to-date: /home/hello-robot/hello_robot_awong/install/stretch_description/share/stretch_description/meshes/link_gripper_fingertip_left.STL
[2.019s] -- Up-to-date: /home/hello-robot/hello_robot_awong/install/stretch_description/share/stretch_description/meshes/link_arm_l2_collision.STL
[2.019s] -- Up-to-date: /home/hello-robot/hello_robot_awong/install/stretch_description/share/stretch_description/meshes/link_head_pan.STL
[2.019s] -- Up-to-date: /home/hello-robot/hello_robot_awong/install/stretch_description/share/stretch_description/meshes/omni_wheel_m.STL
[2.020s] -- Up-to-date: /home/hello-robot/hello_robot_awong/install/stretch_description/share/stretch_description/meshes/link_gripper_finger_left_collision.STL
[2.020s] -- Up-to-date: /home/hello-robot/hello_robot_awong/install/stretch_description/share/stretch_description/meshes/respeaker_base.STL
[2.022s] -- Up-to-date: /home/hello-robot/hello_robot_awong/install/stretch_description/share/stretch_description/meshes/link_head_pan_collision.STL
[2.022s] -- Up-to-date: /home/hello-robot/hello_robot_awong/install/stretch_description/share/stretch_description/meshes/link_dry_erase_marker.STL
[2.023s] -- Up-to-date: /home/hello-robot/hello_robot_awong/install/stretch_description/share/stretch_description/meshes/link_aruco_inner_wrist_collision.STL
[2.023s] -- Up-to-date: /home/hello-robot/hello_robot_awong/install/stretch_description/share/stretch_description/meshes/link_gripper_collision.STL
[2.023s] -- Up-to-date: /home/hello-robot/hello_robot_awong/install/stretch_description/share/stretch_description/meshes/link_wrist_yaw_bottom_collision.STL
[2.023s] -- Up-to-date: /home/hello-robot/hello_robot_awong/install/stretch_description/share/stretch_description/meshes/link_gripper_finger_right.STL
[2.023s] -- Up-to-date: /home/hello-robot/hello_robot_awong/install/stretch_description/share/stretch_description/meshes/link_wrist_yaw.STL
[2.028s] -- Up-to-date: /home/hello-robot/hello_robot_awong/install/stretch_description/share/stretch_description/meshes/link_ground_collision.STL
[2.028s] -- Up-to-date: /home/hello-robot/hello_robot_awong/install/stretch_description/share/stretch_description/meshes/link_straight_gripper.STL
[2.028s] -- Up-to-date: /home/hello-robot/hello_robot_awong/install/stretch_description/share/stretch_description/meshes/link_arm_l1.STL
[2.028s] -- Up-to-date: /home/hello-robot/hello_robot_awong/install/stretch_description/share/stretch_description/meshes/link_aruco_shoulder.STL
[2.028s] -- Up-to-date: /home/hello-robot/hello_robot_awong/install/stretch_description/share/stretch_description/urdf
[2.029s] -- Up-to-date: /home/hello-robot/hello_robot_awong/install/stretch_description/share/stretch_description/urdf/stretch_dex_wrist.xacro
[2.029s] -- Up-to-date: /home/hello-robot/hello_robot_awong/install/stretch_description/share/stretch_description/urdf/stretch_description_RE1V0_tool_stretch_gripper.xacro
[2.029s] -- Up-to-date: /home/hello-robot/hello_robot_awong/install/stretch_description/share/stretch_description/urdf/stretch_gripper_with_puller.xacro
[2.029s] -- Up-to-date: /home/hello-robot/hello_robot_awong/install/stretch_description/share/stretch_description/urdf/stretch_uncalibrated.urdf
[2.029s] -- Up-to-date: /home/hello-robot/hello_robot_awong/install/stretch_description/share/stretch_description/urdf/export_urdf.sh
[2.029s] -- Up-to-date: /home/hello-robot/hello_robot_awong/install/stretch_description/share/stretch_description/urdf/stretch_main.xacro
[2.029s] -- Up-to-date: /home/hello-robot/hello_robot_awong/install/stretch_description/share/stretch_description/urdf/stretch_d435i.xacro
[2.030s] -- Up-to-date: /home/hello-robot/hello_robot_awong/install/stretch_description/share/stretch_description/urdf/stretch_description_RE1V0_tool_stretch_dex_wrist.xacro
[2.030s] -- Up-to-date: /home/hello-robot/hello_robot_awong/install/stretch_description/share/stretch_description/urdf/stretch_gripper.xacro
[2.030s] -- Up-to-date: /home/hello-robot/hello_robot_awong/install/stretch_description/share/stretch_description/urdf/stretch_respeaker.xacro
[2.030s] -- Up-to-date: /home/hello-robot/hello_robot_awong/install/stretch_description/share/stretch_description/urdf/stretch_description.xacro
[2.030s] -- Up-to-date: /home/hello-robot/hello_robot_awong/install/stretch_description/share/stretch_description/urdf/d435i
[2.030s] -- Up-to-date: /home/hello-robot/hello_robot_awong/install/stretch_description/share/stretch_description/urdf/d435i/_d435i.urdf.xacro
[2.030s] -- Up-to-date: /home/hello-robot/hello_robot_awong/install/stretch_description/share/stretch_description/urdf/d435i/_usb_plug.urdf.xacro
[2.031s] -- Up-to-date: /home/hello-robot/hello_robot_awong/install/stretch_description/share/stretch_description/urdf/d435i/_d435.urdf.xacro
[2.031s] -- Up-to-date: /home/hello-robot/hello_robot_awong/install/stretch_description/share/stretch_description/urdf/d435i/_d435i_imu_modules.urdf.xacro
[2.031s] -- Up-to-date: /home/hello-robot/hello_robot_awong/install/stretch_description/share/stretch_description/urdf/d435i/_materials.urdf.xacro
[2.032s] -- Up-to-date: /home/hello-robot/hello_robot_awong/install/stretch_description/share/stretch_description/urdf/export_urdf_license_template.md
[2.032s] -- Up-to-date: /home/hello-robot/hello_robot_awong/install/stretch_description/share/stretch_description/urdf/stretch.urdf
[2.032s] -- Up-to-date: /home/hello-robot/hello_robot_awong/install/stretch_description/share/stretch_description/urdf/stretch_description_RE1V0_tool_none.xacro
[2.032s] -- Up-to-date: /home/hello-robot/hello_robot_awong/install/stretch_description/share/stretch_description/urdf/stretch_aruco.xacro
[2.032s] -- Up-to-date: /home/hello-robot/hello_robot_awong/install/stretch_description/share/stretch_description/urdf/stretch_laser_range_finder.xacro
[2.032s] -- Up-to-date: /home/hello-robot/hello_robot_awong/install/stretch_description/share/stretch_description/urdf/stretch_base_imu.xacro
[2.032s] -- Up-to-date: /home/hello-robot/hello_robot_awong/install/stretch_description/share/stretch_description/launch
[2.033s] -- Up-to-date: /home/hello-robot/hello_robot_awong/install/stretch_description/share/stretch_description/launch/display.launch.py
[2.033s] -- Up-to-date: /home/hello-robot/hello_robot_awong/install/stretch_description/share/stretch_description/rviz
[2.033s] -- Up-to-date: /home/hello-robot/hello_robot_awong/install/stretch_description/share/stretch_description/rviz/stretch.rviz
[2.033s] -- Up-to-date: /home/hello-robot/hello_robot_awong/install/stretch_description/share/ament_index/resource_index/package_run_dependencies/stretch_description
[2.033s] -- Up-to-date: /home/hello-robot/hello_robot_awong/install/stretch_description/share/ament_index/resource_index/parent_prefix_path/stretch_description
[2.033s] -- Up-to-date: /home/hello-robot/hello_robot_awong/install/stretch_description/share/stretch_description/environment/ament_prefix_path.sh
[2.033s] -- Up-to-date: /home/hello-robot/hello_robot_awong/install/stretch_description/share/stretch_description/environment/ament_prefix_path.dsv
[2.034s] -- Up-to-date: /home/hello-robot/hello_robot_awong/install/stretch_description/share/stretch_description/environment/path.sh
[2.034s] -- Up-to-date: /home/hello-robot/hello_robot_awong/install/stretch_description/share/stretch_description/environment/path.dsv
[2.034s] -- Up-to-date: /home/hello-robot/hello_robot_awong/install/stretch_description/share/stretch_description/local_setup.bash
[2.034s] -- Up-to-date: /home/hello-robot/hello_robot_awong/install/stretch_description/share/stretch_description/local_setup.sh
[2.034s] -- Up-to-date: /home/hello-robot/hello_robot_awong/install/stretch_description/share/stretch_description/local_setup.zsh
[2.034s] -- Up-to-date: /home/hello-robot/hello_robot_awong/install/stretch_description/share/stretch_description/local_setup.dsv
[2.034s] -- Up-to-date: /home/hello-robot/hello_robot_awong/install/stretch_description/share/stretch_description/package.dsv
[2.034s] -- Up-to-date: /home/hello-robot/hello_robot_awong/install/stretch_description/share/ament_index/resource_index/packages/stretch_description
[2.035s] -- Up-to-date: /home/hello-robot/hello_robot_awong/install/stretch_description/share/stretch_description/cmake/stretch_descriptionConfig.cmake
[2.035s] -- Up-to-date: /home/hello-robot/hello_robot_awong/install/stretch_description/share/stretch_description/cmake/stretch_descriptionConfig-version.cmake
[2.035s] -- Up-to-date: /home/hello-robot/hello_robot_awong/install/stretch_description/share/stretch_description/package.xml
[2.035s] Invoked command in '/home/hello-robot/hello_robot_awong/build/stretch_description' returned '0': CMAKE_PREFIX_PATH=${CMAKE_PREFIX_PATH}:/home/hello-robot/ament_ws/install/tf2_web_republisher_py:/home/hello-robot/ament_ws/install/stretch_ros_tutorials:/home/hello-robot/ament_ws/install/stretch_funmap:/home/hello-robot/ament_ws/install/stretch_calibration:/home/hello-robot/ament_ws/install/stretch_demos:/home/hello-robot/ament_ws/install/stretch_deep_perception:/home/hello-robot/ament_ws/install/stretch_core:/home/hello-robot/ament_ws/install/respeaker_ros2:/home/hello-robot/ament_ws/install/hello_helpers:/opt/ros/humble /usr/bin/cmake --install /home/hello-robot/hello_robot_awong/build/stretch_description
