[1.108s] Invoking command in '/home/hello-robot/hello_robot_awong/src/stretch_ros2/stretch_core': AMENT_PREFIX_PATH=/home/hello-robot/hello_robot_awong/install/hello_helpers:${AMENT_PREFIX_PATH} PYTHONPATH=/home/hello-robot/hello_robot_awong/build/stretch_core/prefix_override:/usr/lib/python3/dist-packages/colcon_core/task/python/colcon_distutils_commands:/home/hello-robot/hello_robot_awong/install/stretch_core/lib/python3.10/site-packages:/home/hello-robot/hello_robot_awong/install/hello_helpers/lib/python3.10/site-packages:${PYTHONPATH} /usr/bin/python3 -W ignore:setup.py install is deprecated -W ignore:easy_install command is deprecated setup.py egg_info --egg-base ../../../build/stretch_core build --build-base /home/hello-robot/hello_robot_awong/build/stretch_core/build install --record /home/hello-robot/hello_robot_awong/build/stretch_core/install.log --single-version-externally-managed install_data
[1.526s] running egg_info
[1.527s] writing ../../../build/stretch_core/stretch_core.egg-info/PKG-INFO
[1.527s] writing dependency_links to ../../../build/stretch_core/stretch_core.egg-info/dependency_links.txt
[1.527s] writing entry points to ../../../build/stretch_core/stretch_core.egg-info/entry_points.txt
[1.527s] writing requirements to ../../../build/stretch_core/stretch_core.egg-info/requires.txt
[1.528s] writing top-level names to ../../../build/stretch_core/stretch_core.egg-info/top_level.txt
[1.530s] reading manifest file '../../../build/stretch_core/stretch_core.egg-info/SOURCES.txt'
[1.531s] adding license file 'LICENSE.md'
[1.532s] writing manifest file '../../../build/stretch_core/stretch_core.egg-info/SOURCES.txt'
[1.532s] running build
[1.532s] running build_py
[1.533s] running install
[1.534s] running install_lib
[1.536s] running install_data
[1.537s] running install_egg_info
[1.540s] removing '/home/hello-robot/hello_robot_awong/install/stretch_core/lib/python3.10/site-packages/stretch_core-0.2.0-py3.10.egg-info' (and everything under it)
[1.540s] Copying ../../../build/stretch_core/stretch_core.egg-info to /home/hello-robot/hello_robot_awong/install/stretch_core/lib/python3.10/site-packages/stretch_core-0.2.0-py3.10.egg-info
[1.541s] running install_scripts
[1.570s] Installing align_to_aruco script to /home/hello-robot/hello_robot_awong/install/stretch_core/lib/stretch_core
[1.570s] Installing avoider script to /home/hello-robot/hello_robot_awong/install/stretch_core/lib/stretch_core
[1.570s] Installing d435i_accel_correction script to /home/hello-robot/hello_robot_awong/install/stretch_core/lib/stretch_core
[1.570s] Installing detect_aruco_markers script to /home/hello-robot/hello_robot_awong/install/stretch_core/lib/stretch_core
[1.570s] Installing keyboard_teleop script to /home/hello-robot/hello_robot_awong/install/stretch_core/lib/stretch_core
[1.571s] Installing remote_gamepad script to /home/hello-robot/hello_robot_awong/install/stretch_core/lib/stretch_core
[1.571s] Installing stretch_driver script to /home/hello-robot/hello_robot_awong/install/stretch_core/lib/stretch_core
[1.571s] Installing usb_cam script to /home/hello-robot/hello_robot_awong/install/stretch_core/lib/stretch_core
[1.571s] writing list of installed files to '/home/hello-robot/hello_robot_awong/build/stretch_core/install.log'
[1.600s] Invoked command in '/home/hello-robot/hello_robot_awong/src/stretch_ros2/stretch_core' returned '0': AMENT_PREFIX_PATH=/home/hello-robot/hello_robot_awong/install/hello_helpers:${AMENT_PREFIX_PATH} PYTHONPATH=/home/hello-robot/hello_robot_awong/build/stretch_core/prefix_override:/usr/lib/python3/dist-packages/colcon_core/task/python/colcon_distutils_commands:/home/hello-robot/hello_robot_awong/install/stretch_core/lib/python3.10/site-packages:/home/hello-robot/hello_robot_awong/install/hello_helpers/lib/python3.10/site-packages:${PYTHONPATH} /usr/bin/python3 -W ignore:setup.py install is deprecated -W ignore:easy_install command is deprecated setup.py egg_info --egg-base ../../../build/stretch_core build --build-base /home/hello-robot/hello_robot_awong/build/stretch_core/build install --record /home/hello-robot/hello_robot_awong/build/stretch_core/install.log --single-version-externally-managed install_data
