[1.950s] Invoking command in '/home/hello-robot/hello_robot_awong/build/stretch_rtabmap': CMAKE_PREFIX_PATH=${CMAKE_PREFIX_PATH}:/home/hello-robot/ament_ws/install/tf2_web_republisher_py:/home/hello-robot/ament_ws/install/stretch_ros_tutorials:/home/hello-robot/ament_ws/install/stretch_funmap:/home/hello-robot/ament_ws/install/stretch_calibration:/home/hello-robot/ament_ws/install/stretch_demos:/home/hello-robot/ament_ws/install/stretch_deep_perception:/home/hello-robot/ament_ws/install/stretch_core:/home/hello-robot/ament_ws/install/respeaker_ros2:/home/hello-robot/ament_ws/install/hello_helpers:/opt/ros/humble /usr/bin/cmake --build /home/hello-robot/hello_robot_awong/build/stretch_rtabmap -- -j8 -l8
[2.027s] Invoked command in '/home/hello-robot/hello_robot_awong/build/stretch_rtabmap' returned '0': CMAKE_PREFIX_PATH=${CMAKE_PREFIX_PATH}:/home/hello-robot/ament_ws/install/tf2_web_republisher_py:/home/hello-robot/ament_ws/install/stretch_ros_tutorials:/home/hello-robot/ament_ws/install/stretch_funmap:/home/hello-robot/ament_ws/install/stretch_calibration:/home/hello-robot/ament_ws/install/stretch_demos:/home/hello-robot/ament_ws/install/stretch_deep_perception:/home/hello-robot/ament_ws/install/stretch_core:/home/hello-robot/ament_ws/install/respeaker_ros2:/home/hello-robot/ament_ws/install/hello_helpers:/opt/ros/humble /usr/bin/cmake --build /home/hello-robot/hello_robot_awong/build/stretch_rtabmap -- -j8 -l8
[2.029s] Invoking command in '/home/hello-robot/hello_robot_awong/build/stretch_rtabmap': CMAKE_PREFIX_PATH=${CMAKE_PREFIX_PATH}:/home/hello-robot/ament_ws/install/tf2_web_republisher_py:/home/hello-robot/ament_ws/install/stretch_ros_tutorials:/home/hello-robot/ament_ws/install/stretch_funmap:/home/hello-robot/ament_ws/install/stretch_calibration:/home/hello-robot/ament_ws/install/stretch_demos:/home/hello-robot/ament_ws/install/stretch_deep_perception:/home/hello-robot/ament_ws/install/stretch_core:/home/hello-robot/ament_ws/install/respeaker_ros2:/home/hello-robot/ament_ws/install/hello_helpers:/opt/ros/humble /usr/bin/cmake --install /home/hello-robot/hello_robot_awong/build/stretch_rtabmap
[2.046s] -- Install configuration: ""
[2.047s] -- Up-to-date: /home/hello-robot/hello_robot_awong/install/stretch_rtabmap/share/stretch_rtabmap/launch
[2.047s] -- Up-to-date: /home/hello-robot/hello_robot_awong/install/stretch_rtabmap/share/stretch_rtabmap/launch/visual_mapping.launch.py
[2.047s] -- Up-to-date: /home/hello-robot/hello_robot_awong/install/stretch_rtabmap/share/stretch_rtabmap/launch/visual_navigation.launch.py
[2.047s] -- Up-to-date: /home/hello-robot/hello_robot_awong/install/stretch_rtabmap/share/stretch_rtabmap/launch/visual_odometry.launch.py
[2.047s] -- Up-to-date: /home/hello-robot/hello_robot_awong/install/stretch_rtabmap/share/stretch_rtabmap/rviz
[2.047s] -- Up-to-date: /home/hello-robot/hello_robot_awong/install/stretch_rtabmap/share/stretch_rtabmap/rviz/rtabmap.rviz
[2.048s] -- Up-to-date: /home/hello-robot/hello_robot_awong/install/stretch_rtabmap/share/stretch_rtabmap/rviz/rtabmap_nav.rviz
[2.048s] -- Up-to-date: /home/hello-robot/hello_robot_awong/install/stretch_rtabmap/share/ament_index/resource_index/package_run_dependencies/stretch_rtabmap
[2.048s] -- Up-to-date: /home/hello-robot/hello_robot_awong/install/stretch_rtabmap/share/ament_index/resource_index/parent_prefix_path/stretch_rtabmap
[2.048s] -- Up-to-date: /home/hello-robot/hello_robot_awong/install/stretch_rtabmap/share/stretch_rtabmap/environment/ament_prefix_path.sh
[2.048s] -- Up-to-date: /home/hello-robot/hello_robot_awong/install/stretch_rtabmap/share/stretch_rtabmap/environment/ament_prefix_path.dsv
[2.048s] -- Up-to-date: /home/hello-robot/hello_robot_awong/install/stretch_rtabmap/share/stretch_rtabmap/environment/path.sh
[2.048s] -- Up-to-date: /home/hello-robot/hello_robot_awong/install/stretch_rtabmap/share/stretch_rtabmap/environment/path.dsv
[2.049s] -- Up-to-date: /home/hello-robot/hello_robot_awong/install/stretch_rtabmap/share/stretch_rtabmap/local_setup.bash
[2.049s] -- Up-to-date: /home/hello-robot/hello_robot_awong/install/stretch_rtabmap/share/stretch_rtabmap/local_setup.sh
[2.049s] -- Up-to-date: /home/hello-robot/hello_robot_awong/install/stretch_rtabmap/share/stretch_rtabmap/local_setup.zsh
[2.049s] -- Up-to-date: /home/hello-robot/hello_robot_awong/install/stretch_rtabmap/share/stretch_rtabmap/local_setup.dsv
[2.049s] -- Up-to-date: /home/hello-robot/hello_robot_awong/install/stretch_rtabmap/share/stretch_rtabmap/package.dsv
[2.049s] -- Up-to-date: /home/hello-robot/hello_robot_awong/install/stretch_rtabmap/share/ament_index/resource_index/packages/stretch_rtabmap
[2.050s] -- Up-to-date: /home/hello-robot/hello_robot_awong/install/stretch_rtabmap/share/stretch_rtabmap/cmake/stretch_rtabmapConfig.cmake
[2.050s] -- Up-to-date: /home/hello-robot/hello_robot_awong/install/stretch_rtabmap/share/stretch_rtabmap/cmake/stretch_rtabmapConfig-version.cmake
[2.050s] -- Up-to-date: /home/hello-robot/hello_robot_awong/install/stretch_rtabmap/share/stretch_rtabmap/package.xml
[2.053s] Invoked command in '/home/hello-robot/hello_robot_awong/build/stretch_rtabmap' returned '0': CMAKE_PREFIX_PATH=${CMAKE_PREFIX_PATH}:/home/hello-robot/ament_ws/install/tf2_web_republisher_py:/home/hello-robot/ament_ws/install/stretch_ros_tutorials:/home/hello-robot/ament_ws/install/stretch_funmap:/home/hello-robot/ament_ws/install/stretch_calibration:/home/hello-robot/ament_ws/install/stretch_demos:/home/hello-robot/ament_ws/install/stretch_deep_perception:/home/hello-robot/ament_ws/install/stretch_core:/home/hello-robot/ament_ws/install/respeaker_ros2:/home/hello-robot/ament_ws/install/hello_helpers:/opt/ros/humble /usr/bin/cmake --install /home/hello-robot/hello_robot_awong/build/stretch_rtabmap
