[3.149s] Invoking command in '/home/hello-robot/hello_robot_awong/src/stretch_ros2/hello_helpers': PYTHONPATH=/home/hello-robot/hello_robot_awong/build/hello_helpers/prefix_override:/usr/lib/python3/dist-packages/colcon_core/task/python/colcon_distutils_commands:/home/hello-robot/hello_robot_awong/install/hello_helpers/lib/python3.10/site-packages:${PYTHONPATH} /usr/bin/python3 -W ignore:setup.py install is deprecated -W ignore:easy_install command is deprecated setup.py egg_info --egg-base ../../../build/hello_helpers build --build-base /home/hello-robot/hello_robot_awong/build/hello_helpers/build install --record /home/hello-robot/hello_robot_awong/build/hello_helpers/install.log --single-version-externally-managed install_data
[3.642s] running egg_info
[3.643s] writing ../../../build/hello_helpers/hello_helpers.egg-info/PKG-INFO
[3.643s] writing dependency_links to ../../../build/hello_helpers/hello_helpers.egg-info/dependency_links.txt
[3.643s] writing entry points to ../../../build/hello_helpers/hello_helpers.egg-info/entry_points.txt
[3.644s] writing requirements to ../../../build/hello_helpers/hello_helpers.egg-info/requires.txt
[3.644s] writing top-level names to ../../../build/hello_helpers/hello_helpers.egg-info/top_level.txt
[3.647s] reading manifest file '../../../build/hello_helpers/hello_helpers.egg-info/SOURCES.txt'
[3.647s] adding license file 'LICENSE.md'
[3.648s] writing manifest file '../../../build/hello_helpers/hello_helpers.egg-info/SOURCES.txt'
[3.648s] running build
[3.648s] running build_py
[3.649s] running install
[3.650s] running install_lib
[3.652s] running install_data
[3.652s] running install_egg_info
[3.655s] removing '/home/hello-robot/hello_robot_awong/install/hello_helpers/lib/python3.10/site-packages/hello_helpers-0.2.0-py3.10.egg-info' (and everything under it)
[3.656s] Copying ../../../build/hello_helpers/hello_helpers.egg-info to /home/hello-robot/hello_robot_awong/install/hello_helpers/lib/python3.10/site-packages/hello_helpers-0.2.0-py3.10.egg-info
[3.656s] running install_scripts
[3.688s] Installing configure_wrist script to /home/hello-robot/hello_robot_awong/install/hello_helpers/lib/hello_helpers
[3.688s] writing list of installed files to '/home/hello-robot/hello_robot_awong/build/hello_helpers/install.log'
[3.729s] Invoked command in '/home/hello-robot/hello_robot_awong/src/stretch_ros2/hello_helpers' returned '0': PYTHONPATH=/home/hello-robot/hello_robot_awong/build/hello_helpers/prefix_override:/usr/lib/python3/dist-packages/colcon_core/task/python/colcon_distutils_commands:/home/hello-robot/hello_robot_awong/install/hello_helpers/lib/python3.10/site-packages:${PYTHONPATH} /usr/bin/python3 -W ignore:setup.py install is deprecated -W ignore:easy_install command is deprecated setup.py egg_info --egg-base ../../../build/hello_helpers build --build-base /home/hello-robot/hello_robot_awong/build/hello_helpers/build install --record /home/hello-robot/hello_robot_awong/build/hello_helpers/install.log --single-version-externally-managed install_data
