[3.005s] Invoking command in '/home/hello-robot/hello_robot_awong/src/stretch_ros2/hello_helpers': PYTHONPATH=/home/hello-robot/hello_robot_awong/build/hello_helpers/prefix_override:/usr/lib/python3/dist-packages/colcon_core/task/python/colcon_distutils_commands:/home/hello-robot/hello_robot_awong/install/hello_helpers/lib/python3.10/site-packages:${PYTHONPATH} /usr/bin/python3 -W ignore:setup.py install is deprecated -W ignore:easy_install command is deprecated setup.py egg_info --egg-base ../../../build/hello_helpers build --build-base /home/hello-robot/hello_robot_awong/build/hello_helpers/build install --record /home/hello-robot/hello_robot_awong/build/hello_helpers/install.log --single-version-externally-managed install_data
[3.601s] running egg_info
[3.602s] creating ../../../build/hello_helpers/hello_helpers.egg-info
[3.603s] writing ../../../build/hello_helpers/hello_helpers.egg-info/PKG-INFO
[3.603s] writing dependency_links to ../../../build/hello_helpers/hello_helpers.egg-info/dependency_links.txt
[3.603s] writing entry points to ../../../build/hello_helpers/hello_helpers.egg-info/entry_points.txt
[3.603s] writing requirements to ../../../build/hello_helpers/hello_helpers.egg-info/requires.txt
[3.604s] writing top-level names to ../../../build/hello_helpers/hello_helpers.egg-info/top_level.txt
[3.604s] writing manifest file '../../../build/hello_helpers/hello_helpers.egg-info/SOURCES.txt'
[3.607s] reading manifest file '../../../build/hello_helpers/hello_helpers.egg-info/SOURCES.txt'
[3.607s] adding license file 'LICENSE.md'
[3.608s] writing manifest file '../../../build/hello_helpers/hello_helpers.egg-info/SOURCES.txt'
[3.608s] running build
[3.608s] running build_py
[3.608s] creating /home/hello-robot/hello_robot_awong/build/hello_helpers/build
[3.609s] creating /home/hello-robot/hello_robot_awong/build/hello_helpers/build/lib
[3.609s] creating /home/hello-robot/hello_robot_awong/build/hello_helpers/build/lib/hello_helpers
[3.609s] copying src/hello_helpers/gamepad_conversion.py -> /home/hello-robot/hello_robot_awong/build/hello_helpers/build/lib/hello_helpers
[3.609s] copying src/hello_helpers/fit_plane.py -> /home/hello-robot/hello_robot_awong/build/hello_helpers/build/lib/hello_helpers
[3.609s] copying src/hello_helpers/__init__.py -> /home/hello-robot/hello_robot_awong/build/hello_helpers/build/lib/hello_helpers
[3.610s] copying src/hello_helpers/joint_qpos_conversion.py -> /home/hello-robot/hello_robot_awong/build/hello_helpers/build/lib/hello_helpers
[3.610s] copying src/hello_helpers/hello_ros_viz.py -> /home/hello-robot/hello_robot_awong/build/hello_helpers/build/lib/hello_helpers
[3.610s] copying src/hello_helpers/gripper_conversion.py -> /home/hello-robot/hello_robot_awong/build/hello_helpers/build/lib/hello_helpers
[3.610s] copying src/hello_helpers/hello_misc.py -> /home/hello-robot/hello_robot_awong/build/hello_helpers/build/lib/hello_helpers
[3.611s] copying src/hello_helpers/simple_command_group.py -> /home/hello-robot/hello_robot_awong/build/hello_helpers/build/lib/hello_helpers
[3.611s] running install
[3.612s] running install_lib
[3.613s] creating /home/hello-robot/hello_robot_awong/install/hello_helpers/lib/python3.10/site-packages/hello_helpers
[3.613s] copying /home/hello-robot/hello_robot_awong/build/hello_helpers/build/lib/hello_helpers/gamepad_conversion.py -> /home/hello-robot/hello_robot_awong/install/hello_helpers/lib/python3.10/site-packages/hello_helpers
[3.614s] copying /home/hello-robot/hello_robot_awong/build/hello_helpers/build/lib/hello_helpers/fit_plane.py -> /home/hello-robot/hello_robot_awong/install/hello_helpers/lib/python3.10/site-packages/hello_helpers
[3.614s] copying /home/hello-robot/hello_robot_awong/build/hello_helpers/build/lib/hello_helpers/__init__.py -> /home/hello-robot/hello_robot_awong/install/hello_helpers/lib/python3.10/site-packages/hello_helpers
[3.614s] copying /home/hello-robot/hello_robot_awong/build/hello_helpers/build/lib/hello_helpers/joint_qpos_conversion.py -> /home/hello-robot/hello_robot_awong/install/hello_helpers/lib/python3.10/site-packages/hello_helpers
[3.614s] copying /home/hello-robot/hello_robot_awong/build/hello_helpers/build/lib/hello_helpers/hello_ros_viz.py -> /home/hello-robot/hello_robot_awong/install/hello_helpers/lib/python3.10/site-packages/hello_helpers
[3.614s] copying /home/hello-robot/hello_robot_awong/build/hello_helpers/build/lib/hello_helpers/gripper_conversion.py -> /home/hello-robot/hello_robot_awong/install/hello_helpers/lib/python3.10/site-packages/hello_helpers
[3.615s] copying /home/hello-robot/hello_robot_awong/build/hello_helpers/build/lib/hello_helpers/hello_misc.py -> /home/hello-robot/hello_robot_awong/install/hello_helpers/lib/python3.10/site-packages/hello_helpers
[3.615s] copying /home/hello-robot/hello_robot_awong/build/hello_helpers/build/lib/hello_helpers/simple_command_group.py -> /home/hello-robot/hello_robot_awong/install/hello_helpers/lib/python3.10/site-packages/hello_helpers
[3.616s] byte-compiling /home/hello-robot/hello_robot_awong/install/hello_helpers/lib/python3.10/site-packages/hello_helpers/gamepad_conversion.py to gamepad_conversion.cpython-310.pyc
[3.617s] byte-compiling /home/hello-robot/hello_robot_awong/install/hello_helpers/lib/python3.10/site-packages/hello_helpers/fit_plane.py to fit_plane.cpython-310.pyc
[3.619s] byte-compiling /home/hello-robot/hello_robot_awong/install/hello_helpers/lib/python3.10/site-packages/hello_helpers/__init__.py to __init__.cpython-310.pyc
[3.619s] byte-compiling /home/hello-robot/hello_robot_awong/install/hello_helpers/lib/python3.10/site-packages/hello_helpers/joint_qpos_conversion.py to joint_qpos_conversion.cpython-310.pyc
[3.620s] byte-compiling /home/hello-robot/hello_robot_awong/install/hello_helpers/lib/python3.10/site-packages/hello_helpers/hello_ros_viz.py to hello_ros_viz.cpython-310.pyc
[3.621s] byte-compiling /home/hello-robot/hello_robot_awong/install/hello_helpers/lib/python3.10/site-packages/hello_helpers/gripper_conversion.py to gripper_conversion.cpython-310.pyc
[3.622s] byte-compiling /home/hello-robot/hello_robot_awong/install/hello_helpers/lib/python3.10/site-packages/hello_helpers/hello_misc.py to hello_misc.cpython-310.pyc
[3.627s] byte-compiling /home/hello-robot/hello_robot_awong/install/hello_helpers/lib/python3.10/site-packages/hello_helpers/simple_command_group.py to simple_command_group.cpython-310.pyc
[3.628s] running install_data
[3.628s] creating /home/hello-robot/hello_robot_awong/install/hello_helpers/share/ament_index
[3.628s] creating /home/hello-robot/hello_robot_awong/install/hello_helpers/share/ament_index/resource_index
[3.628s] creating /home/hello-robot/hello_robot_awong/install/hello_helpers/share/ament_index/resource_index/packages
[3.628s] copying resource/hello_helpers -> /home/hello-robot/hello_robot_awong/install/hello_helpers/share/ament_index/resource_index/packages
[3.628s] copying package.xml -> /home/hello-robot/hello_robot_awong/install/hello_helpers/share/hello_helpers
[3.629s] running install_egg_info
[3.632s] Copying ../../../build/hello_helpers/hello_helpers.egg-info to /home/hello-robot/hello_robot_awong/install/hello_helpers/lib/python3.10/site-packages/hello_helpers-0.2.0-py3.10.egg-info
[3.633s] running install_scripts
[3.665s] Installing configure_wrist script to /home/hello-robot/hello_robot_awong/install/hello_helpers/lib/hello_helpers
[3.665s] writing list of installed files to '/home/hello-robot/hello_robot_awong/build/hello_helpers/install.log'
[3.700s] Invoked command in '/home/hello-robot/hello_robot_awong/src/stretch_ros2/hello_helpers' returned '0': PYTHONPATH=/home/hello-robot/hello_robot_awong/build/hello_helpers/prefix_override:/usr/lib/python3/dist-packages/colcon_core/task/python/colcon_distutils_commands:/home/hello-robot/hello_robot_awong/install/hello_helpers/lib/python3.10/site-packages:${PYTHONPATH} /usr/bin/python3 -W ignore:setup.py install is deprecated -W ignore:easy_install command is deprecated setup.py egg_info --egg-base ../../../build/hello_helpers build --build-base /home/hello-robot/hello_robot_awong/build/hello_helpers/build install --record /home/hello-robot/hello_robot_awong/build/hello_helpers/install.log --single-version-externally-managed install_data
