[1.132s] Invoking command in '/home/hello-robot/hello_robot_awong/src/stretch_ros2/stretch_calibration': AMENT_PREFIX_PATH=/home/hello-robot/hello_robot_awong/install/stretch_core:/home/hello-robot/hello_robot_awong/install/stretch_description:/home/hello-robot/hello_robot_awong/install/hello_helpers:${AMENT_PREFIX_PATH} CMAKE_PREFIX_PATH=/home/hello-robot/hello_robot_awong/install/stretch_description:${CMAKE_PREFIX_PATH} PYTHONPATH=/home/hello-robot/hello_robot_awong/build/stretch_calibration/prefix_override:/usr/lib/python3/dist-packages/colcon_core/task/python/colcon_distutils_commands:/home/hello-robot/hello_robot_awong/install/stretch_calibration/lib/python3.10/site-packages:/home/hello-robot/hello_robot_awong/install/stretch_core/lib/python3.10/site-packages:/home/hello-robot/hello_robot_awong/install/hello_helpers/lib/python3.10/site-packages:${PYTHONPATH} /usr/bin/python3 -W ignore:setup.py install is deprecated -W ignore:easy_install command is deprecated setup.py egg_info --egg-base ../../../build/stretch_calibration build --build-base /home/hello-robot/hello_robot_awong/build/stretch_calibration/build install --record /home/hello-robot/hello_robot_awong/build/stretch_calibration/install.log --single-version-externally-managed install_data
[1.542s] running egg_info
[1.543s] creating ../../../build/stretch_calibration/stretch_calibration.egg-info
[1.543s] writing ../../../build/stretch_calibration/stretch_calibration.egg-info/PKG-INFO
[1.543s] writing dependency_links to ../../../build/stretch_calibration/stretch_calibration.egg-info/dependency_links.txt
[1.544s] writing entry points to ../../../build/stretch_calibration/stretch_calibration.egg-info/entry_points.txt
[1.544s] writing requirements to ../../../build/stretch_calibration/stretch_calibration.egg-info/requires.txt
[1.544s] writing top-level names to ../../../build/stretch_calibration/stretch_calibration.egg-info/top_level.txt
[1.544s] writing manifest file '../../../build/stretch_calibration/stretch_calibration.egg-info/SOURCES.txt'
[1.547s] reading manifest file '../../../build/stretch_calibration/stretch_calibration.egg-info/SOURCES.txt'
[1.547s] adding license file 'LICENSE.md'
[1.548s] writing manifest file '../../../build/stretch_calibration/stretch_calibration.egg-info/SOURCES.txt'
[1.548s] running build
[1.548s] running build_py
[1.548s] creating /home/hello-robot/hello_robot_awong/build/stretch_calibration/build
[1.548s] creating /home/hello-robot/hello_robot_awong/build/stretch_calibration/build/lib
[1.548s] creating /home/hello-robot/hello_robot_awong/build/stretch_calibration/build/lib/stretch_calibration
[1.549s] copying stretch_calibration/update_with_most_recent_calibration.py -> /home/hello-robot/hello_robot_awong/build/stretch_calibration/build/lib/stretch_calibration
[1.549s] copying stretch_calibration/update_uncalibrated_urdf.py -> /home/hello-robot/hello_robot_awong/build/stretch_calibration/build/lib/stretch_calibration
[1.549s] copying stretch_calibration/revert_to_previous_calibration.py -> /home/hello-robot/hello_robot_awong/build/stretch_calibration/build/lib/stretch_calibration
[1.549s] copying stretch_calibration/check_head_calibration.py -> /home/hello-robot/hello_robot_awong/build/stretch_calibration/build/lib/stretch_calibration
[1.549s] copying stretch_calibration/calibration.py -> /home/hello-robot/hello_robot_awong/build/stretch_calibration/build/lib/stretch_calibration
[1.549s] copying stretch_calibration/process_head_calibration_data.py -> /home/hello-robot/hello_robot_awong/build/stretch_calibration/build/lib/stretch_calibration
[1.549s] copying stretch_calibration/update_urdf_after_xacro_change.py -> /home/hello-robot/hello_robot_awong/build/stretch_calibration/build/lib/stretch_calibration
[1.549s] copying stretch_calibration/__init__.py -> /home/hello-robot/hello_robot_awong/build/stretch_calibration/build/lib/stretch_calibration
[1.550s] copying stretch_calibration/visualize_most_recent_head_calibration.py -> /home/hello-robot/hello_robot_awong/build/stretch_calibration/build/lib/stretch_calibration
[1.550s] copying stretch_calibration/collect_head_calibration_data.py -> /home/hello-robot/hello_robot_awong/build/stretch_calibration/build/lib/stretch_calibration
[1.550s] running install
[1.551s] running install_lib
[1.552s] creating /home/hello-robot/hello_robot_awong/install/stretch_calibration/lib/python3.10/site-packages/stretch_calibration
[1.552s] copying /home/hello-robot/hello_robot_awong/build/stretch_calibration/build/lib/stretch_calibration/update_with_most_recent_calibration.py -> /home/hello-robot/hello_robot_awong/install/stretch_calibration/lib/python3.10/site-packages/stretch_calibration
[1.552s] copying /home/hello-robot/hello_robot_awong/build/stretch_calibration/build/lib/stretch_calibration/update_uncalibrated_urdf.py -> /home/hello-robot/hello_robot_awong/install/stretch_calibration/lib/python3.10/site-packages/stretch_calibration
[1.552s] copying /home/hello-robot/hello_robot_awong/build/stretch_calibration/build/lib/stretch_calibration/revert_to_previous_calibration.py -> /home/hello-robot/hello_robot_awong/install/stretch_calibration/lib/python3.10/site-packages/stretch_calibration
[1.552s] copying /home/hello-robot/hello_robot_awong/build/stretch_calibration/build/lib/stretch_calibration/check_head_calibration.py -> /home/hello-robot/hello_robot_awong/install/stretch_calibration/lib/python3.10/site-packages/stretch_calibration
[1.553s] copying /home/hello-robot/hello_robot_awong/build/stretch_calibration/build/lib/stretch_calibration/calibration.py -> /home/hello-robot/hello_robot_awong/install/stretch_calibration/lib/python3.10/site-packages/stretch_calibration
[1.553s] copying /home/hello-robot/hello_robot_awong/build/stretch_calibration/build/lib/stretch_calibration/process_head_calibration_data.py -> /home/hello-robot/hello_robot_awong/install/stretch_calibration/lib/python3.10/site-packages/stretch_calibration
[1.553s] copying /home/hello-robot/hello_robot_awong/build/stretch_calibration/build/lib/stretch_calibration/update_urdf_after_xacro_change.py -> /home/hello-robot/hello_robot_awong/install/stretch_calibration/lib/python3.10/site-packages/stretch_calibration
[1.553s] copying /home/hello-robot/hello_robot_awong/build/stretch_calibration/build/lib/stretch_calibration/__init__.py -> /home/hello-robot/hello_robot_awong/install/stretch_calibration/lib/python3.10/site-packages/stretch_calibration
[1.553s] copying /home/hello-robot/hello_robot_awong/build/stretch_calibration/build/lib/stretch_calibration/visualize_most_recent_head_calibration.py -> /home/hello-robot/hello_robot_awong/install/stretch_calibration/lib/python3.10/site-packages/stretch_calibration
[1.553s] copying /home/hello-robot/hello_robot_awong/build/stretch_calibration/build/lib/stretch_calibration/collect_head_calibration_data.py -> /home/hello-robot/hello_robot_awong/install/stretch_calibration/lib/python3.10/site-packages/stretch_calibration
[1.555s] byte-compiling /home/hello-robot/hello_robot_awong/install/stretch_calibration/lib/python3.10/site-packages/stretch_calibration/update_with_most_recent_calibration.py to update_with_most_recent_calibration.cpython-310.pyc
[1.556s] byte-compiling /home/hello-robot/hello_robot_awong/install/stretch_calibration/lib/python3.10/site-packages/stretch_calibration/update_uncalibrated_urdf.py to update_uncalibrated_urdf.cpython-310.pyc
[1.556s] byte-compiling /home/hello-robot/hello_robot_awong/install/stretch_calibration/lib/python3.10/site-packages/stretch_calibration/revert_to_previous_calibration.py to revert_to_previous_calibration.cpython-310.pyc
[1.557s] byte-compiling /home/hello-robot/hello_robot_awong/install/stretch_calibration/lib/python3.10/site-packages/stretch_calibration/check_head_calibration.py to check_head_calibration.cpython-310.pyc
[1.558s] byte-compiling /home/hello-robot/hello_robot_awong/install/stretch_calibration/lib/python3.10/site-packages/stretch_calibration/calibration.py to calibration.cpython-310.pyc
[1.560s] byte-compiling /home/hello-robot/hello_robot_awong/install/stretch_calibration/lib/python3.10/site-packages/stretch_calibration/process_head_calibration_data.py to process_head_calibration_data.cpython-310.pyc
[1.565s] byte-compiling /home/hello-robot/hello_robot_awong/install/stretch_calibration/lib/python3.10/site-packages/stretch_calibration/update_urdf_after_xacro_change.py to update_urdf_after_xacro_change.cpython-310.pyc
[1.566s] byte-compiling /home/hello-robot/hello_robot_awong/install/stretch_calibration/lib/python3.10/site-packages/stretch_calibration/__init__.py to __init__.cpython-310.pyc
[1.566s] byte-compiling /home/hello-robot/hello_robot_awong/install/stretch_calibration/lib/python3.10/site-packages/stretch_calibration/visualize_most_recent_head_calibration.py to visualize_most_recent_head_calibration.cpython-310.pyc
[1.567s] byte-compiling /home/hello-robot/hello_robot_awong/install/stretch_calibration/lib/python3.10/site-packages/stretch_calibration/collect_head_calibration_data.py to collect_head_calibration_data.cpython-310.pyc
[1.570s] running install_data
[1.570s] creating /home/hello-robot/hello_robot_awong/install/stretch_calibration/share/ament_index
[1.570s] creating /home/hello-robot/hello_robot_awong/install/stretch_calibration/share/ament_index/resource_index
[1.571s] creating /home/hello-robot/hello_robot_awong/install/stretch_calibration/share/ament_index/resource_index/packages
[1.571s] copying resource/stretch_calibration -> /home/hello-robot/hello_robot_awong/install/stretch_calibration/share/ament_index/resource_index/packages
[1.571s] copying package.xml -> /home/hello-robot/hello_robot_awong/install/stretch_calibration/share/stretch_calibration
[1.571s] creating /home/hello-robot/hello_robot_awong/install/stretch_calibration/share/stretch_calibration/launch
[1.571s] copying launch/process_head_calibration_data.launch.py -> /home/hello-robot/hello_robot_awong/install/stretch_calibration/share/stretch_calibration/launch
[1.571s] copying launch/check_head_calibration.launch.py -> /home/hello-robot/hello_robot_awong/install/stretch_calibration/share/stretch_calibration/launch
[1.571s] copying launch/collect_head_calibration_data.launch.py -> /home/hello-robot/hello_robot_awong/install/stretch_calibration/share/stretch_calibration/launch
[1.572s] copying launch/collect_check_head_calibration_data.launch.py -> /home/hello-robot/hello_robot_awong/install/stretch_calibration/share/stretch_calibration/launch
[1.572s] copying launch/visualize_head_calibration.launch.py -> /home/hello-robot/hello_robot_awong/install/stretch_calibration/share/stretch_calibration/launch
[1.572s] copying launch/use_prior_head_calibration_to_update_urdf.launch.py -> /home/hello-robot/hello_robot_awong/install/stretch_calibration/share/stretch_calibration/launch
[1.572s] copying launch/process_head_calibration_data_with_visualization.launch.py -> /home/hello-robot/hello_robot_awong/install/stretch_calibration/share/stretch_calibration/launch
[1.572s] copying launch/simple_test_head_calibration_low_resolution.launch.py -> /home/hello-robot/hello_robot_awong/install/stretch_calibration/share/stretch_calibration/launch
[1.572s] copying launch/simple_test_head_calibration.launch.py -> /home/hello-robot/hello_robot_awong/install/stretch_calibration/share/stretch_calibration/launch
[1.572s] creating /home/hello-robot/hello_robot_awong/install/stretch_calibration/share/stretch_calibration/config
[1.573s] copying config/head_calibration_options.yaml -> /home/hello-robot/hello_robot_awong/install/stretch_calibration/share/stretch_calibration/config
[1.573s] creating /home/hello-robot/hello_robot_awong/install/stretch_calibration/share/stretch_calibration/rviz
[1.573s] copying rviz/stretch_simple_test.rviz -> /home/hello-robot/hello_robot_awong/install/stretch_calibration/share/stretch_calibration/rviz
[1.573s] copying rviz/head_calibration.rviz -> /home/hello-robot/hello_robot_awong/install/stretch_calibration/share/stretch_calibration/rviz
[1.573s] running install_egg_info
[1.577s] Copying ../../../build/stretch_calibration/stretch_calibration.egg-info to /home/hello-robot/hello_robot_awong/install/stretch_calibration/lib/python3.10/site-packages/stretch_calibration-0.2.0-py3.10.egg-info
[1.578s] running install_scripts
[1.605s] Installing check_head_calibration script to /home/hello-robot/hello_robot_awong/install/stretch_calibration/lib/stretch_calibration
[1.605s] Installing collect_head_calibration_data script to /home/hello-robot/hello_robot_awong/install/stretch_calibration/lib/stretch_calibration
[1.605s] Installing process_head_calibration_data script to /home/hello-robot/hello_robot_awong/install/stretch_calibration/lib/stretch_calibration
[1.605s] Installing revert_to_previous_calibration script to /home/hello-robot/hello_robot_awong/install/stretch_calibration/lib/stretch_calibration
[1.606s] Installing update_uncalibrated_urdf script to /home/hello-robot/hello_robot_awong/install/stretch_calibration/lib/stretch_calibration
[1.606s] Installing update_urdf_after_xacro_change script to /home/hello-robot/hello_robot_awong/install/stretch_calibration/lib/stretch_calibration
[1.606s] Installing update_with_most_recent_calibration script to /home/hello-robot/hello_robot_awong/install/stretch_calibration/lib/stretch_calibration
[1.606s] Installing visualize_most_recent_head_calibration script to /home/hello-robot/hello_robot_awong/install/stretch_calibration/lib/stretch_calibration
[1.606s] writing list of installed files to '/home/hello-robot/hello_robot_awong/build/stretch_calibration/install.log'
[1.635s] Invoked command in '/home/hello-robot/hello_robot_awong/src/stretch_ros2/stretch_calibration' returned '0': AMENT_PREFIX_PATH=/home/hello-robot/hello_robot_awong/install/stretch_core:/home/hello-robot/hello_robot_awong/install/stretch_description:/home/hello-robot/hello_robot_awong/install/hello_helpers:${AMENT_PREFIX_PATH} CMAKE_PREFIX_PATH=/home/hello-robot/hello_robot_awong/install/stretch_description:${CMAKE_PREFIX_PATH} PYTHONPATH=/home/hello-robot/hello_robot_awong/build/stretch_calibration/prefix_override:/usr/lib/python3/dist-packages/colcon_core/task/python/colcon_distutils_commands:/home/hello-robot/hello_robot_awong/install/stretch_calibration/lib/python3.10/site-packages:/home/hello-robot/hello_robot_awong/install/stretch_core/lib/python3.10/site-packages:/home/hello-robot/hello_robot_awong/install/hello_helpers/lib/python3.10/site-packages:${PYTHONPATH} /usr/bin/python3 -W ignore:setup.py install is deprecated -W ignore:easy_install command is deprecated setup.py egg_info --egg-base ../../../build/stretch_calibration build --build-base /home/hello-robot/hello_robot_awong/build/stretch_calibration/build install --record /home/hello-robot/hello_robot_awong/build/stretch_calibration/install.log --single-version-externally-managed install_data
