[2.020s] Invoking command in '/home/hello-robot/hello_robot_awong/build/stretch_nav2': CMAKE_PREFIX_PATH=${CMAKE_PREFIX_PATH}:/home/hello-robot/ament_ws/install/tf2_web_republisher_py:/home/hello-robot/ament_ws/install/stretch_ros_tutorials:/home/hello-robot/ament_ws/install/stretch_funmap:/home/hello-robot/ament_ws/install/stretch_calibration:/home/hello-robot/ament_ws/install/stretch_demos:/home/hello-robot/ament_ws/install/stretch_deep_perception:/home/hello-robot/ament_ws/install/stretch_core:/home/hello-robot/ament_ws/install/respeaker_ros2:/home/hello-robot/ament_ws/install/hello_helpers:/opt/ros/humble /usr/bin/cmake /home/hello-robot/hello_robot_awong/src/stretch_ros2/stretch_nav2 -DCMAKE_INSTALL_PREFIX=/home/hello-robot/hello_robot_awong/install/stretch_nav2
[2.130s] -- The C compiler identification is GNU 11.4.0
[2.251s] -- The CXX compiler identification is GNU 11.4.0
[2.266s] -- Detecting C compiler ABI info
[2.387s] -- Detecting C compiler ABI info - done
[2.406s] -- Check for working C compiler: /usr/bin/cc - skipped
[2.406s] -- Detecting C compile features
[2.407s] -- Detecting C compile features - done
[2.413s] -- Detecting CXX compiler ABI info
[2.559s] -- Detecting CXX compiler ABI info - done
[2.579s] -- Check for working CXX compiler: /usr/bin/c++ - skipped
[2.579s] -- Detecting CXX compile features
[2.580s] -- Detecting CXX compile features - done
[2.592s] -- Found ament_cmake: 1.3.11 (/opt/ros/humble/share/ament_cmake/cmake)
[3.214s] -- Found Python3: /usr/bin/python3 (found version "3.10.12") found components: Interpreter 
[3.556s] -- Found rclcpp: 16.0.12 (/opt/ros/humble/share/rclcpp/cmake)
[3.723s] -- Found rosidl_generator_c: 3.1.6 (/opt/ros/humble/share/rosidl_generator_c/cmake)
[3.749s] -- Found rosidl_adapter: 3.1.6 (/opt/ros/humble/share/rosidl_adapter/cmake)
[3.781s] -- Found rosidl_generator_cpp: 3.1.6 (/opt/ros/humble/share/rosidl_generator_cpp/cmake)
[3.825s] -- Using all available rosidl_typesupport_c: rosidl_typesupport_fastrtps_c;rosidl_typesupport_introspection_c
[3.887s] -- Using all available rosidl_typesupport_cpp: rosidl_typesupport_fastrtps_cpp;rosidl_typesupport_introspection_cpp
[4.024s] -- Found rmw_implementation_cmake: 6.1.2 (/opt/ros/humble/share/rmw_implementation_cmake/cmake)
[4.033s] -- Found rmw_fastrtps_cpp: 6.2.7 (/opt/ros/humble/share/rmw_fastrtps_cpp/cmake)
[4.198s] -- Found OpenSSL: /usr/lib/x86_64-linux-gnu/libcrypto.so (found version "3.0.2")  
[4.244s] -- Found FastRTPS: /opt/ros/humble/include  
[4.314s] -- Using RMW implementation 'rmw_fastrtps_cpp' as default
[4.339s] -- Looking for pthread.h
[4.441s] -- Looking for pthread.h - found
[4.441s] -- Performing Test CMAKE_HAVE_LIBC_PTHREAD
[4.544s] -- Performing Test CMAKE_HAVE_LIBC_PTHREAD - Success
[4.546s] -- Found Threads: TRUE  
[4.650s] -- Found ament_lint_auto: 0.12.12 (/opt/ros/humble/share/ament_lint_auto/cmake)
[4.910s] -- Added test 'copyright' to check source files copyright and LICENSE
[4.912s] -- Added test 'flake8' to check Python code syntax and style conventions
[4.915s] -- Added test 'lint_cmake' to check CMake code style
[4.915s] -- Added test 'pep257' to check Python code against some of the docstring style conventions in PEP 257
[4.919s] -- Added test 'xmllint' to check XML markup files
[4.921s] -- Configuring done
[4.928s] -- Generating done
[4.932s] -- Build files have been written to: /home/hello-robot/hello_robot_awong/build/stretch_nav2
[4.943s] Invoked command in '/home/hello-robot/hello_robot_awong/build/stretch_nav2' returned '0': CMAKE_PREFIX_PATH=${CMAKE_PREFIX_PATH}:/home/hello-robot/ament_ws/install/tf2_web_republisher_py:/home/hello-robot/ament_ws/install/stretch_ros_tutorials:/home/hello-robot/ament_ws/install/stretch_funmap:/home/hello-robot/ament_ws/install/stretch_calibration:/home/hello-robot/ament_ws/install/stretch_demos:/home/hello-robot/ament_ws/install/stretch_deep_perception:/home/hello-robot/ament_ws/install/stretch_core:/home/hello-robot/ament_ws/install/respeaker_ros2:/home/hello-robot/ament_ws/install/hello_helpers:/opt/ros/humble /usr/bin/cmake /home/hello-robot/hello_robot_awong/src/stretch_ros2/stretch_nav2 -DCMAKE_INSTALL_PREFIX=/home/hello-robot/hello_robot_awong/install/stretch_nav2
[4.944s] Invoking command in '/home/hello-robot/hello_robot_awong/build/stretch_nav2': CMAKE_PREFIX_PATH=${CMAKE_PREFIX_PATH}:/home/hello-robot/ament_ws/install/tf2_web_republisher_py:/home/hello-robot/ament_ws/install/stretch_ros_tutorials:/home/hello-robot/ament_ws/install/stretch_funmap:/home/hello-robot/ament_ws/install/stretch_calibration:/home/hello-robot/ament_ws/install/stretch_demos:/home/hello-robot/ament_ws/install/stretch_deep_perception:/home/hello-robot/ament_ws/install/stretch_core:/home/hello-robot/ament_ws/install/respeaker_ros2:/home/hello-robot/ament_ws/install/hello_helpers:/opt/ros/humble /usr/bin/cmake --build /home/hello-robot/hello_robot_awong/build/stretch_nav2 -- -j8 -l8
[5.027s] Built target ament_cmake_python_copy_stretch_nav2
[5.494s] running egg_info
[5.494s] creating stretch_nav2.egg-info
[5.495s] writing stretch_nav2.egg-info/PKG-INFO
[5.495s] writing dependency_links to stretch_nav2.egg-info/dependency_links.txt
[5.495s] writing top-level names to stretch_nav2.egg-info/top_level.txt
[5.495s] writing manifest file 'stretch_nav2.egg-info/SOURCES.txt'
[5.498s] reading manifest file 'stretch_nav2.egg-info/SOURCES.txt'
[5.499s] writing manifest file 'stretch_nav2.egg-info/SOURCES.txt'
[5.537s] Built target ament_cmake_python_build_stretch_nav2_egg
[5.553s] Invoked command in '/home/hello-robot/hello_robot_awong/build/stretch_nav2' returned '0': CMAKE_PREFIX_PATH=${CMAKE_PREFIX_PATH}:/home/hello-robot/ament_ws/install/tf2_web_republisher_py:/home/hello-robot/ament_ws/install/stretch_ros_tutorials:/home/hello-robot/ament_ws/install/stretch_funmap:/home/hello-robot/ament_ws/install/stretch_calibration:/home/hello-robot/ament_ws/install/stretch_demos:/home/hello-robot/ament_ws/install/stretch_deep_perception:/home/hello-robot/ament_ws/install/stretch_core:/home/hello-robot/ament_ws/install/respeaker_ros2:/home/hello-robot/ament_ws/install/hello_helpers:/opt/ros/humble /usr/bin/cmake --build /home/hello-robot/hello_robot_awong/build/stretch_nav2 -- -j8 -l8
[5.555s] Invoking command in '/home/hello-robot/hello_robot_awong/build/stretch_nav2': CMAKE_PREFIX_PATH=${CMAKE_PREFIX_PATH}:/home/hello-robot/ament_ws/install/tf2_web_republisher_py:/home/hello-robot/ament_ws/install/stretch_ros_tutorials:/home/hello-robot/ament_ws/install/stretch_funmap:/home/hello-robot/ament_ws/install/stretch_calibration:/home/hello-robot/ament_ws/install/stretch_demos:/home/hello-robot/ament_ws/install/stretch_deep_perception:/home/hello-robot/ament_ws/install/stretch_core:/home/hello-robot/ament_ws/install/respeaker_ros2:/home/hello-robot/ament_ws/install/hello_helpers:/opt/ros/humble /usr/bin/cmake --install /home/hello-robot/hello_robot_awong/build/stretch_nav2
[5.566s] -- Install configuration: ""
[5.566s] -- Installing: /home/hello-robot/hello_robot_awong/install/stretch_nav2/share/stretch_nav2/launch
[5.566s] -- Installing: /home/hello-robot/hello_robot_awong/install/stretch_nav2/share/stretch_nav2/launch/navigation.launch.py
[5.566s] -- Installing: /home/hello-robot/hello_robot_awong/install/stretch_nav2/share/stretch_nav2/launch/teleop_twist.launch.py
[5.566s] -- Installing: /home/hello-robot/hello_robot_awong/install/stretch_nav2/share/stretch_nav2/launch/stretch_navigation.launch.py
[5.567s] -- Installing: /home/hello-robot/hello_robot_awong/install/stretch_nav2/share/stretch_nav2/launch/offline_mapping.launch.py
[5.567s] -- Installing: /home/hello-robot/hello_robot_awong/install/stretch_nav2/share/stretch_nav2/launch/navigation_launch.py
[5.567s] -- Installing: /home/hello-robot/hello_robot_awong/install/stretch_nav2/share/stretch_nav2/launch/bringup_launch.py
[5.567s] -- Installing: /home/hello-robot/hello_robot_awong/install/stretch_nav2/share/stretch_nav2/launch/online_async_launch.py
[5.567s] -- Installing: /home/hello-robot/hello_robot_awong/install/stretch_nav2/share/stretch_nav2/launch/demo_security.launch.py
[5.568s] -- Installing: /home/hello-robot/hello_robot_awong/install/stretch_nav2/share/stretch_nav2/launch/online_mapping.launch.py
[5.568s] -- Installing: /home/hello-robot/hello_robot_awong/install/stretch_nav2/share/stretch_nav2/config
[5.568s] -- Installing: /home/hello-robot/hello_robot_awong/install/stretch_nav2/share/stretch_nav2/config/nav2_params.yaml
[5.568s] -- Installing: /home/hello-robot/hello_robot_awong/install/stretch_nav2/share/stretch_nav2/config/nav2_voxel_params.yaml
[5.568s] -- Installing: /home/hello-robot/hello_robot_awong/install/stretch_nav2/share/stretch_nav2/config/mapper_params_online_async.yaml
[5.568s] -- Installing: /home/hello-robot/hello_robot_awong/install/stretch_nav2/share/stretch_nav2/stretch_nav2
[5.568s] -- Installing: /home/hello-robot/hello_robot_awong/install/stretch_nav2/share/stretch_nav2/stretch_nav2/__init__.py
[5.568s] -- Installing: /home/hello-robot/hello_robot_awong/install/stretch_nav2/share/stretch_nav2/stretch_nav2/robot_navigator.py
[5.569s] -- Installing: /home/hello-robot/hello_robot_awong/install/stretch_nav2/share/stretch_nav2/stretch_nav2/simple_commander_demo.py
[5.569s] -- Installing: /home/hello-robot/hello_robot_awong/install/stretch_nav2/share/stretch_nav2/environment/pythonpath.sh
[5.569s] -- Installing: /home/hello-robot/hello_robot_awong/install/stretch_nav2/share/stretch_nav2/environment/pythonpath.dsv
[5.569s] -- Installing: /home/hello-robot/hello_robot_awong/install/stretch_nav2/local/lib/python3.10/dist-packages/stretch_nav2-0.0.1-py3.10.egg-info
[5.571s] -- Installing: /home/hello-robot/hello_robot_awong/install/stretch_nav2/local/lib/python3.10/dist-packages/stretch_nav2-0.0.1-py3.10.egg-info/PKG-INFO
[5.571s] -- Installing: /home/hello-robot/hello_robot_awong/install/stretch_nav2/local/lib/python3.10/dist-packages/stretch_nav2-0.0.1-py3.10.egg-info/top_level.txt
[5.571s] -- Installing: /home/hello-robot/hello_robot_awong/install/stretch_nav2/local/lib/python3.10/dist-packages/stretch_nav2-0.0.1-py3.10.egg-info/SOURCES.txt
[5.571s] -- Installing: /home/hello-robot/hello_robot_awong/install/stretch_nav2/local/lib/python3.10/dist-packages/stretch_nav2-0.0.1-py3.10.egg-info/dependency_links.txt
[5.571s] -- Installing: /home/hello-robot/hello_robot_awong/install/stretch_nav2/local/lib/python3.10/dist-packages/stretch_nav2
[5.571s] -- Installing: /home/hello-robot/hello_robot_awong/install/stretch_nav2/local/lib/python3.10/dist-packages/stretch_nav2/__init__.py
[5.571s] -- Installing: /home/hello-robot/hello_robot_awong/install/stretch_nav2/local/lib/python3.10/dist-packages/stretch_nav2/robot_navigator.py
[5.571s] -- Installing: /home/hello-robot/hello_robot_awong/install/stretch_nav2/local/lib/python3.10/dist-packages/stretch_nav2/simple_commander_demo.py
[5.644s] Listing '/home/hello-robot/hello_robot_awong/install/stretch_nav2/local/lib/python3.10/dist-packages/stretch_nav2'...
[5.644s] Compiling '/home/hello-robot/hello_robot_awong/install/stretch_nav2/local/lib/python3.10/dist-packages/stretch_nav2/__init__.py'...
[5.644s] Compiling '/home/hello-robot/hello_robot_awong/install/stretch_nav2/local/lib/python3.10/dist-packages/stretch_nav2/robot_navigator.py'...
[5.644s] Compiling '/home/hello-robot/hello_robot_awong/install/stretch_nav2/local/lib/python3.10/dist-packages/stretch_nav2/simple_commander_demo.py'...
[5.650s] -- Installing: /home/hello-robot/hello_robot_awong/install/stretch_nav2/lib/stretch_nav2/simple_commander_demo.py
[5.650s] -- Installing: /home/hello-robot/hello_robot_awong/install/stretch_nav2/share/ament_index/resource_index/package_run_dependencies/stretch_nav2
[5.651s] -- Installing: /home/hello-robot/hello_robot_awong/install/stretch_nav2/share/ament_index/resource_index/parent_prefix_path/stretch_nav2
[5.651s] -- Installing: /home/hello-robot/hello_robot_awong/install/stretch_nav2/share/stretch_nav2/environment/ament_prefix_path.sh
[5.651s] -- Installing: /home/hello-robot/hello_robot_awong/install/stretch_nav2/share/stretch_nav2/environment/ament_prefix_path.dsv
[5.651s] -- Installing: /home/hello-robot/hello_robot_awong/install/stretch_nav2/share/stretch_nav2/environment/path.sh
[5.652s] -- Installing: /home/hello-robot/hello_robot_awong/install/stretch_nav2/share/stretch_nav2/environment/path.dsv
[5.652s] -- Installing: /home/hello-robot/hello_robot_awong/install/stretch_nav2/share/stretch_nav2/local_setup.bash
[5.652s] -- Installing: /home/hello-robot/hello_robot_awong/install/stretch_nav2/share/stretch_nav2/local_setup.sh
[5.652s] -- Installing: /home/hello-robot/hello_robot_awong/install/stretch_nav2/share/stretch_nav2/local_setup.zsh
[5.653s] -- Installing: /home/hello-robot/hello_robot_awong/install/stretch_nav2/share/stretch_nav2/local_setup.dsv
[5.653s] -- Installing: /home/hello-robot/hello_robot_awong/install/stretch_nav2/share/stretch_nav2/package.dsv
[5.653s] -- Installing: /home/hello-robot/hello_robot_awong/install/stretch_nav2/share/ament_index/resource_index/packages/stretch_nav2
[5.653s] -- Installing: /home/hello-robot/hello_robot_awong/install/stretch_nav2/share/stretch_nav2/cmake/stretch_nav2Config.cmake
[5.654s] -- Installing: /home/hello-robot/hello_robot_awong/install/stretch_nav2/share/stretch_nav2/cmake/stretch_nav2Config-version.cmake
[5.654s] -- Installing: /home/hello-robot/hello_robot_awong/install/stretch_nav2/share/stretch_nav2/package.xml
[5.662s] Invoked command in '/home/hello-robot/hello_robot_awong/build/stretch_nav2' returned '0': CMAKE_PREFIX_PATH=${CMAKE_PREFIX_PATH}:/home/hello-robot/ament_ws/install/tf2_web_republisher_py:/home/hello-robot/ament_ws/install/stretch_ros_tutorials:/home/hello-robot/ament_ws/install/stretch_funmap:/home/hello-robot/ament_ws/install/stretch_calibration:/home/hello-robot/ament_ws/install/stretch_demos:/home/hello-robot/ament_ws/install/stretch_deep_perception:/home/hello-robot/ament_ws/install/stretch_core:/home/hello-robot/ament_ws/install/respeaker_ros2:/home/hello-robot/ament_ws/install/hello_helpers:/opt/ros/humble /usr/bin/cmake --install /home/hello-robot/hello_robot_awong/build/stretch_nav2
